<<<<<<< HEAD
[WARNING] 2025-10-27 11:32:40,661 | django.request | Not Found: /favicon.ico
[WARNING] 2025-10-27 11:32:40,662 | django.server | "GET /favicon.ico HTTP/1.1" 404 8745
[WARNING] 2025-10-27 14:26:05,862 | django.request | Not Found: /favicon.ico
[WARNING] 2025-10-27 14:26:05,862 | django.server | "GET /favicon.ico HTTP/1.1" 404 8745
[WARNING] 2025-10-27 23:15:28,566 | django.request | Not Found: /favicon.ico
[WARNING] 2025-10-27 23:15:28,567 | django.server | "GET /favicon.ico HTTP/1.1" 404 8745
[WARNING] 2025-10-27 23:48:26,516 | django.request | Not Found: /forum_home/
[WARNING] 2025-10-27 23:48:26,517 | django.server | "GET /forum_home/ HTTP/1.1" 404 7902
[ERROR] 2025-10-27 23:48:41,924 | django.request | Internal Server Error: /forum/
Traceback (most recent call last):
  File "D:\IT\_OER\gauri oer\oer\venv\Lib\site-packages\django\core\handlers\exception.py", line 55, in inner
    response = get_response(request)
               ^^^^^^^^^^^^^^^^^^^^^
  File "D:\IT\_OER\gauri oer\oer\venv\Lib\site-packages\django\core\handlers\base.py", line 197, in _get_response
    response = wrapped_callback(request, *callback_args, **callback_kwargs)
               ^^^^^^^^^^^^^^^^^^^^^^^^^^^^^^^^^^^^^^^^^^^^^^^^^^^^^^^^^^^^
  File "D:\IT\_OER\gauri oer\oer\accounts\views\forum.py", line 28, in forum_home
    return render(request, "accounts/forum/list.html", context)
           ^^^^^^^^^^^^^^^^^^^^^^^^^^^^^^^^^^^^^^^^^^^^^^^^^^^^
  File "D:\IT\_OER\gauri oer\oer\venv\Lib\site-packages\django\shortcuts.py", line 25, in render
    content = loader.render_to_string(template_name, context, request, using=using)
              ^^^^^^^^^^^^^^^^^^^^^^^^^^^^^^^^^^^^^^^^^^^^^^^^^^^^^^^^^^^^^^^^^^^^^
  File "D:\IT\_OER\gauri oer\oer\venv\Lib\site-packages\django\template\loader.py", line 61, in render_to_string
    template = get_template(template_name, using=using)
               ^^^^^^^^^^^^^^^^^^^^^^^^^^^^^^^^^^^^^^^^
  File "D:\IT\_OER\gauri oer\oer\venv\Lib\site-packages\django\template\loader.py", line 19, in get_template
    raise TemplateDoesNotExist(template_name, chain=chain)
django.template.exceptions.TemplateDoesNotExist: accounts/forum/list.html
[ERROR] 2025-10-27 23:48:41,932 | django.server | "GET /forum/ HTTP/1.1" 500 90903
[ERROR] 2025-10-27 23:52:15,454 | django.request | Internal Server Error: /forum/
Traceback (most recent call last):
  File "D:\IT\_OER\gauri oer\oer\venv\Lib\site-packages\django\core\handlers\exception.py", line 55, in inner
    response = get_response(request)
               ^^^^^^^^^^^^^^^^^^^^^
  File "D:\IT\_OER\gauri oer\oer\venv\Lib\site-packages\django\core\handlers\base.py", line 197, in _get_response
    response = wrapped_callback(request, *callback_args, **callback_kwargs)
               ^^^^^^^^^^^^^^^^^^^^^^^^^^^^^^^^^^^^^^^^^^^^^^^^^^^^^^^^^^^^
  File "D:\IT\_OER\gauri oer\oer\accounts\views\forum.py", line 28, in forum_home
    return render(request, "accounts/forum/list.html", context)
           ^^^^^^^^^^^^^^^^^^^^^^^^^^^^^^^^^^^^^^^^^^^^^^^^^^^^
  File "D:\IT\_OER\gauri oer\oer\venv\Lib\site-packages\django\shortcuts.py", line 25, in render
    content = loader.render_to_string(template_name, context, request, using=using)
              ^^^^^^^^^^^^^^^^^^^^^^^^^^^^^^^^^^^^^^^^^^^^^^^^^^^^^^^^^^^^^^^^^^^^^
  File "D:\IT\_OER\gauri oer\oer\venv\Lib\site-packages\django\template\loader.py", line 61, in render_to_string
    template = get_template(template_name, using=using)
               ^^^^^^^^^^^^^^^^^^^^^^^^^^^^^^^^^^^^^^^^
  File "D:\IT\_OER\gauri oer\oer\venv\Lib\site-packages\django\template\loader.py", line 19, in get_template
    raise TemplateDoesNotExist(template_name, chain=chain)
django.template.exceptions.TemplateDoesNotExist: accounts/forum/list.html
[ERROR] 2025-10-27 23:52:15,454 | django.server | "GET /forum/ HTTP/1.1" 500 91031
[WARNING] 2025-10-27 23:52:16,957 | django.request | Not Found: /favicon.ico
[WARNING] 2025-10-27 23:52:16,957 | django.server | "GET /favicon.ico HTTP/1.1" 404 7902
[ERROR] 2025-10-27 23:53:59,904 | django.request | Internal Server Error: /forum/
Traceback (most recent call last):
  File "D:\IT\_OER\gauri oer\oer\venv\Lib\site-packages\django\urls\base.py", line 81, in reverse
    extra, resolver = resolver.namespace_dict[ns]
                      ~~~~~~~~~~~~~~~~~~~~~~~^^^^
KeyError: 'accounts'

During handling of the above exception, another exception occurred:

Traceback (most recent call last):
  File "D:\IT\_OER\gauri oer\oer\venv\Lib\site-packages\django\core\handlers\exception.py", line 55, in inner
    response = get_response(request)
               ^^^^^^^^^^^^^^^^^^^^^
  File "D:\IT\_OER\gauri oer\oer\venv\Lib\site-packages\django\core\handlers\base.py", line 197, in _get_response
    response = wrapped_callback(request, *callback_args, **callback_kwargs)
               ^^^^^^^^^^^^^^^^^^^^^^^^^^^^^^^^^^^^^^^^^^^^^^^^^^^^^^^^^^^^
  File "D:\IT\_OER\gauri oer\oer\accounts\views\forum.py", line 28, in forum_home
    return render(request, "forum/list.html", context)
           ^^^^^^^^^^^^^^^^^^^^^^^^^^^^^^^^^^^^^^^^^^^
  File "D:\IT\_OER\gauri oer\oer\venv\Lib\site-packages\django\shortcuts.py", line 25, in render
    content = loader.render_to_string(template_name, context, request, using=using)
              ^^^^^^^^^^^^^^^^^^^^^^^^^^^^^^^^^^^^^^^^^^^^^^^^^^^^^^^^^^^^^^^^^^^^^
  File "D:\IT\_OER\gauri oer\oer\venv\Lib\site-packages\django\template\loader.py", line 62, in render_to_string
    return template.render(context, request)
           ^^^^^^^^^^^^^^^^^^^^^^^^^^^^^^^^^
  File "D:\IT\_OER\gauri oer\oer\venv\Lib\site-packages\django\template\backends\django.py", line 107, in render
    return self.template.render(context)
           ^^^^^^^^^^^^^^^^^^^^^^^^^^^^^
  File "D:\IT\_OER\gauri oer\oer\venv\Lib\site-packages\django\template\base.py", line 171, in render
    return self._render(context)
           ^^^^^^^^^^^^^^^^^^^^^
  File "D:\IT\_OER\gauri oer\oer\venv\Lib\site-packages\django\template\base.py", line 163, in _render
    return self.nodelist.render(context)
           ^^^^^^^^^^^^^^^^^^^^^^^^^^^^^
  File "D:\IT\_OER\gauri oer\oer\venv\Lib\site-packages\django\template\base.py", line 1016, in render
    return SafeString("".join([node.render_annotated(context) for node in self]))
                               ^^^^^^^^^^^^^^^^^^^^^^^^^^^^^^
  File "D:\IT\_OER\gauri oer\oer\venv\Lib\site-packages\django\template\base.py", line 977, in render_annotated
    return self.render(context)
           ^^^^^^^^^^^^^^^^^^^^
  File "D:\IT\_OER\gauri oer\oer\venv\Lib\site-packages\django\template\defaulttags.py", line 480, in render
    url = reverse(view_name, args=args, kwargs=kwargs, current_app=current_app)
          ^^^^^^^^^^^^^^^^^^^^^^^^^^^^^^^^^^^^^^^^^^^^^^^^^^^^^^^^^^^^^^^^^^^^^
  File "D:\IT\_OER\gauri oer\oer\venv\Lib\site-packages\django\urls\base.py", line 92, in reverse
    raise NoReverseMatch("%s is not a registered namespace" % key)
django.urls.exceptions.NoReverseMatch: 'accounts' is not a registered namespace
[ERROR] 2025-10-27 23:53:59,907 | django.server | "GET /forum/ HTTP/1.1" 500 129673
[WARNING] 2025-10-27 23:54:00,202 | django.request | Not Found: /favicon.ico
[WARNING] 2025-10-27 23:54:00,217 | django.server | "GET /favicon.ico HTTP/1.1" 404 7902
[ERROR] 2025-10-27 23:58:39,800 | django.request | Internal Server Error: /forum/
Traceback (most recent call last):
  File "D:\IT\_OER\gauri oer\oer\venv\Lib\site-packages\django\template\backends\django.py", line 107, in render
    return self.template.render(context)
           ^^^^^^^^^^^^^^^^^^^^^^^^^^^^^
  File "D:\IT\_OER\gauri oer\oer\venv\Lib\site-packages\django\template\base.py", line 171, in render
    return self._render(context)
           ^^^^^^^^^^^^^^^^^^^^^
  File "D:\IT\_OER\gauri oer\oer\venv\Lib\site-packages\django\template\base.py", line 163, in _render
    return self.nodelist.render(context)
           ^^^^^^^^^^^^^^^^^^^^^^^^^^^^^
  File "D:\IT\_OER\gauri oer\oer\venv\Lib\site-packages\django\template\base.py", line 1016, in render
    return SafeString("".join([node.render_annotated(context) for node in self]))
                               ^^^^^^^^^^^^^^^^^^^^^^^^^^^^^^
  File "D:\IT\_OER\gauri oer\oer\venv\Lib\site-packages\django\template\base.py", line 977, in render_annotated
    return self.render(context)
           ^^^^^^^^^^^^^^^^^^^^
  File "D:\IT\_OER\gauri oer\oer\venv\Lib\site-packages\django\template\defaulttags.py", line 243, in render
    nodelist.append(node.render_annotated(context))
                    ^^^^^^^^^^^^^^^^^^^^^^^^^^^^^^
  File "D:\IT\_OER\gauri oer\oer\venv\Lib\site-packages\django\template\base.py", line 977, in render_annotated
    return self.render(context)
           ^^^^^^^^^^^^^^^^^^^^
  File "D:\IT\_OER\gauri oer\oer\venv\Lib\site-packages\django\template\defaulttags.py", line 243, in render
    nodelist.append(node.render_annotated(context))
                    ^^^^^^^^^^^^^^^^^^^^^^^^^^^^^^
  File "D:\IT\_OER\gauri oer\oer\venv\Lib\site-packages\django\template\base.py", line 977, in render_annotated
    return self.render(context)
           ^^^^^^^^^^^^^^^^^^^^
  File "D:\IT\_OER\gauri oer\oer\venv\Lib\site-packages\django\template\loader_tags.py", line 210, in render
    return template.render(context)
           ^^^^^^^^^^^^^^^^^^^^^^^^
  File "D:\IT\_OER\gauri oer\oer\venv\Lib\site-packages\django\template\base.py", line 173, in render
    return self._render(context)
           ^^^^^^^^^^^^^^^^^^^^^
  File "D:\IT\_OER\gauri oer\oer\venv\Lib\site-packages\django\template\base.py", line 163, in _render
    return self.nodelist.render(context)
           ^^^^^^^^^^^^^^^^^^^^^^^^^^^^^
  File "D:\IT\_OER\gauri oer\oer\venv\Lib\site-packages\django\template\base.py", line 1016, in render
    return SafeString("".join([node.render_annotated(context) for node in self]))
                               ^^^^^^^^^^^^^^^^^^^^^^^^^^^^^^
  File "D:\IT\_OER\gauri oer\oer\venv\Lib\site-packages\django\template\base.py", line 977, in render_annotated
    return self.render(context)
           ^^^^^^^^^^^^^^^^^^^^
  File "D:\IT\_OER\gauri oer\oer\venv\Lib\site-packages\django\template\defaulttags.py", line 550, in render
    return self.nodelist.render(context)
           ^^^^^^^^^^^^^^^^^^^^^^^^^^^^^
  File "D:\IT\_OER\gauri oer\oer\venv\Lib\site-packages\django\template\base.py", line 1016, in render
    return SafeString("".join([node.render_annotated(context) for node in self]))
                               ^^^^^^^^^^^^^^^^^^^^^^^^^^^^^^
  File "D:\IT\_OER\gauri oer\oer\venv\Lib\site-packages\django\template\base.py", line 977, in render_annotated
    return self.render(context)
           ^^^^^^^^^^^^^^^^^^^^
  File "D:\IT\_OER\gauri oer\oer\venv\Lib\site-packages\django\template\defaulttags.py", line 327, in render
    return nodelist.render(context)
           ^^^^^^^^^^^^^^^^^^^^^^^^
  File "D:\IT\_OER\gauri oer\oer\venv\Lib\site-packages\django\template\base.py", line 1016, in render
    return SafeString("".join([node.render_annotated(context) for node in self]))
                               ^^^^^^^^^^^^^^^^^^^^^^^^^^^^^^
  File "D:\IT\_OER\gauri oer\oer\venv\Lib\site-packages\django\template\base.py", line 977, in render_annotated
    return self.render(context)
           ^^^^^^^^^^^^^^^^^^^^
  File "D:\IT\_OER\gauri oer\oer\venv\Lib\site-packages\django\template\defaulttags.py", line 243, in render
    nodelist.append(node.render_annotated(context))
                    ^^^^^^^^^^^^^^^^^^^^^^^^^^^^^^
  File "D:\IT\_OER\gauri oer\oer\venv\Lib\site-packages\django\template\base.py", line 977, in render_annotated
    return self.render(context)
           ^^^^^^^^^^^^^^^^^^^^
  File "D:\IT\_OER\gauri oer\oer\venv\Lib\site-packages\django\template\loader_tags.py", line 199, in render
    template = context.template.engine.select_template(template_name)
               ^^^^^^^^^^^^^^^^^^^^^^^^^^^^^^^^^^^^^^^^^^^^^^^^^^^^^^
  File "D:\IT\_OER\gauri oer\oer\venv\Lib\site-packages\django\template\engine.py", line 214, in select_template
    raise TemplateDoesNotExist(", ".join(not_found))
django.template.exceptions.TemplateDoesNotExist: accounts/template/forum/partials/answer.html

The above exception was the direct cause of the following exception:

Traceback (most recent call last):
  File "D:\IT\_OER\gauri oer\oer\venv\Lib\site-packages\django\core\handlers\exception.py", line 55, in inner
    response = get_response(request)
               ^^^^^^^^^^^^^^^^^^^^^
  File "D:\IT\_OER\gauri oer\oer\venv\Lib\site-packages\django\core\handlers\base.py", line 197, in _get_response
    response = wrapped_callback(request, *callback_args, **callback_kwargs)
               ^^^^^^^^^^^^^^^^^^^^^^^^^^^^^^^^^^^^^^^^^^^^^^^^^^^^^^^^^^^^
  File "D:\IT\_OER\gauri oer\oer\accounts\views\forum.py", line 28, in forum_home
    return render(request, "forum/list.html", context)
           ^^^^^^^^^^^^^^^^^^^^^^^^^^^^^^^^^^^^^^^^^^^
  File "D:\IT\_OER\gauri oer\oer\venv\Lib\site-packages\django\shortcuts.py", line 25, in render
    content = loader.render_to_string(template_name, context, request, using=using)
              ^^^^^^^^^^^^^^^^^^^^^^^^^^^^^^^^^^^^^^^^^^^^^^^^^^^^^^^^^^^^^^^^^^^^^
  File "D:\IT\_OER\gauri oer\oer\venv\Lib\site-packages\django\template\loader.py", line 62, in render_to_string
    return template.render(context, request)
           ^^^^^^^^^^^^^^^^^^^^^^^^^^^^^^^^^
  File "D:\IT\_OER\gauri oer\oer\venv\Lib\site-packages\django\template\backends\django.py", line 109, in render
    reraise(exc, self.backend)
  File "D:\IT\_OER\gauri oer\oer\venv\Lib\site-packages\django\template\backends\django.py", line 130, in reraise
    raise new from exc
django.template.exceptions.TemplateDoesNotExist: accounts/template/forum/partials/answer.html
[ERROR] 2025-10-27 23:58:39,809 | django.server | "GET /forum/ HTTP/1.1" 500 216073
[WARNING] 2025-10-27 23:58:41,638 | django.request | Not Found: /favicon.ico
[WARNING] 2025-10-27 23:58:41,639 | django.server | "GET /favicon.ico HTTP/1.1" 404 7902
[ERROR] 2025-10-27 23:59:14,725 | django.request | Internal Server Error: /forum/
Traceback (most recent call last):
  File "D:\IT\_OER\gauri oer\oer\venv\Lib\site-packages\django\template\backends\django.py", line 107, in render
    return self.template.render(context)
           ^^^^^^^^^^^^^^^^^^^^^^^^^^^^^
  File "D:\IT\_OER\gauri oer\oer\venv\Lib\site-packages\django\template\base.py", line 171, in render
    return self._render(context)
           ^^^^^^^^^^^^^^^^^^^^^
  File "D:\IT\_OER\gauri oer\oer\venv\Lib\site-packages\django\template\base.py", line 163, in _render
    return self.nodelist.render(context)
           ^^^^^^^^^^^^^^^^^^^^^^^^^^^^^
  File "D:\IT\_OER\gauri oer\oer\venv\Lib\site-packages\django\template\base.py", line 1016, in render
    return SafeString("".join([node.render_annotated(context) for node in self]))
                               ^^^^^^^^^^^^^^^^^^^^^^^^^^^^^^
  File "D:\IT\_OER\gauri oer\oer\venv\Lib\site-packages\django\template\base.py", line 977, in render_annotated
    return self.render(context)
           ^^^^^^^^^^^^^^^^^^^^
  File "D:\IT\_OER\gauri oer\oer\venv\Lib\site-packages\django\template\defaulttags.py", line 243, in render
    nodelist.append(node.render_annotated(context))
                    ^^^^^^^^^^^^^^^^^^^^^^^^^^^^^^
  File "D:\IT\_OER\gauri oer\oer\venv\Lib\site-packages\django\template\base.py", line 977, in render_annotated
    return self.render(context)
           ^^^^^^^^^^^^^^^^^^^^
  File "D:\IT\_OER\gauri oer\oer\venv\Lib\site-packages\django\template\defaulttags.py", line 243, in render
    nodelist.append(node.render_annotated(context))
                    ^^^^^^^^^^^^^^^^^^^^^^^^^^^^^^
  File "D:\IT\_OER\gauri oer\oer\venv\Lib\site-packages\django\template\base.py", line 977, in render_annotated
    return self.render(context)
           ^^^^^^^^^^^^^^^^^^^^
  File "D:\IT\_OER\gauri oer\oer\venv\Lib\site-packages\django\template\loader_tags.py", line 210, in render
    return template.render(context)
           ^^^^^^^^^^^^^^^^^^^^^^^^
  File "D:\IT\_OER\gauri oer\oer\venv\Lib\site-packages\django\template\base.py", line 173, in render
    return self._render(context)
           ^^^^^^^^^^^^^^^^^^^^^
  File "D:\IT\_OER\gauri oer\oer\venv\Lib\site-packages\django\template\base.py", line 163, in _render
    return self.nodelist.render(context)
           ^^^^^^^^^^^^^^^^^^^^^^^^^^^^^
  File "D:\IT\_OER\gauri oer\oer\venv\Lib\site-packages\django\template\base.py", line 1016, in render
    return SafeString("".join([node.render_annotated(context) for node in self]))
                               ^^^^^^^^^^^^^^^^^^^^^^^^^^^^^^
  File "D:\IT\_OER\gauri oer\oer\venv\Lib\site-packages\django\template\base.py", line 977, in render_annotated
    return self.render(context)
           ^^^^^^^^^^^^^^^^^^^^
  File "D:\IT\_OER\gauri oer\oer\venv\Lib\site-packages\django\template\defaulttags.py", line 550, in render
    return self.nodelist.render(context)
           ^^^^^^^^^^^^^^^^^^^^^^^^^^^^^
  File "D:\IT\_OER\gauri oer\oer\venv\Lib\site-packages\django\template\base.py", line 1016, in render
    return SafeString("".join([node.render_annotated(context) for node in self]))
                               ^^^^^^^^^^^^^^^^^^^^^^^^^^^^^^
  File "D:\IT\_OER\gauri oer\oer\venv\Lib\site-packages\django\template\base.py", line 977, in render_annotated
    return self.render(context)
           ^^^^^^^^^^^^^^^^^^^^
  File "D:\IT\_OER\gauri oer\oer\venv\Lib\site-packages\django\template\defaulttags.py", line 327, in render
    return nodelist.render(context)
           ^^^^^^^^^^^^^^^^^^^^^^^^
  File "D:\IT\_OER\gauri oer\oer\venv\Lib\site-packages\django\template\base.py", line 1016, in render
    return SafeString("".join([node.render_annotated(context) for node in self]))
                               ^^^^^^^^^^^^^^^^^^^^^^^^^^^^^^
  File "D:\IT\_OER\gauri oer\oer\venv\Lib\site-packages\django\template\base.py", line 977, in render_annotated
    return self.render(context)
           ^^^^^^^^^^^^^^^^^^^^
  File "D:\IT\_OER\gauri oer\oer\venv\Lib\site-packages\django\template\defaulttags.py", line 243, in render
    nodelist.append(node.render_annotated(context))
                    ^^^^^^^^^^^^^^^^^^^^^^^^^^^^^^
  File "D:\IT\_OER\gauri oer\oer\venv\Lib\site-packages\django\template\base.py", line 977, in render_annotated
    return self.render(context)
           ^^^^^^^^^^^^^^^^^^^^
  File "D:\IT\_OER\gauri oer\oer\venv\Lib\site-packages\django\template\loader_tags.py", line 199, in render
    template = context.template.engine.select_template(template_name)
               ^^^^^^^^^^^^^^^^^^^^^^^^^^^^^^^^^^^^^^^^^^^^^^^^^^^^^^
  File "D:\IT\_OER\gauri oer\oer\venv\Lib\site-packages\django\template\engine.py", line 214, in select_template
    raise TemplateDoesNotExist(", ".join(not_found))
django.template.exceptions.TemplateDoesNotExist: accounts/templates/forum/partials/answer.html

The above exception was the direct cause of the following exception:

Traceback (most recent call last):
  File "D:\IT\_OER\gauri oer\oer\venv\Lib\site-packages\django\core\handlers\exception.py", line 55, in inner
    response = get_response(request)
               ^^^^^^^^^^^^^^^^^^^^^
  File "D:\IT\_OER\gauri oer\oer\venv\Lib\site-packages\django\core\handlers\base.py", line 197, in _get_response
    response = wrapped_callback(request, *callback_args, **callback_kwargs)
               ^^^^^^^^^^^^^^^^^^^^^^^^^^^^^^^^^^^^^^^^^^^^^^^^^^^^^^^^^^^^
  File "D:\IT\_OER\gauri oer\oer\accounts\views\forum.py", line 28, in forum_home
    return render(request, "forum/list.html", context)
           ^^^^^^^^^^^^^^^^^^^^^^^^^^^^^^^^^^^^^^^^^^^
  File "D:\IT\_OER\gauri oer\oer\venv\Lib\site-packages\django\shortcuts.py", line 25, in render
    content = loader.render_to_string(template_name, context, request, using=using)
              ^^^^^^^^^^^^^^^^^^^^^^^^^^^^^^^^^^^^^^^^^^^^^^^^^^^^^^^^^^^^^^^^^^^^^
  File "D:\IT\_OER\gauri oer\oer\venv\Lib\site-packages\django\template\loader.py", line 62, in render_to_string
    return template.render(context, request)
           ^^^^^^^^^^^^^^^^^^^^^^^^^^^^^^^^^
  File "D:\IT\_OER\gauri oer\oer\venv\Lib\site-packages\django\template\backends\django.py", line 109, in render
    reraise(exc, self.backend)
  File "D:\IT\_OER\gauri oer\oer\venv\Lib\site-packages\django\template\backends\django.py", line 130, in reraise
    raise new from exc
django.template.exceptions.TemplateDoesNotExist: accounts/templates/forum/partials/answer.html
[ERROR] 2025-10-27 23:59:14,732 | django.server | "GET /forum/ HTTP/1.1" 500 216220
[WARNING] 2025-10-27 23:59:15,086 | django.request | Not Found: /favicon.ico
[WARNING] 2025-10-27 23:59:15,086 | django.server | "GET /favicon.ico HTTP/1.1" 404 7902
=======
[WARNING] 2025-10-27 12:14:46,992 | django.request | Not Found: /favicon.ico
[WARNING] 2025-10-27 12:14:47,023 | django.server | "GET /favicon.ico HTTP/1.1" 404 6781
[WARNING] 2025-10-27 12:26:29,841 | django.server | "GET /static/frontend/css/style_contro.css HTTP/1.1" 404 1901
[INFO] 2025-10-27 12:27:00,979 | googleapiclient.discovery_cache | file_cache is only supported with oauth2client<4.0.0
[INFO] 2025-10-27 12:27:02,089 | google_auth_httplib2 | Refreshing credentials due to a 401 response. Attempt 1/2.
[WARNING] 2025-10-27 12:27:12,838 | django.server | "GET /static/frontend/css/style_contro.css HTTP/1.1" 404 1901
[WARNING] 2025-10-27 12:27:13,162 | django.server | "GET /static/frontend/images/high-five.jpg HTTP/1.1" 404 1901
[WARNING] 2025-10-27 12:27:13,175 | django.server | "GET /static/frontend/js/contributor.js HTTP/1.1" 404 1892
[INFO] 2025-10-27 12:27:58,618 | googleapiclient.discovery_cache | file_cache is only supported with oauth2client<4.0.0
[INFO] 2025-10-27 12:27:59,025 | google_auth_httplib2 | Refreshing credentials due to a 401 response. Attempt 1/2.
[INFO] 2025-10-27 12:28:03,018 | googleapiclient.discovery_cache | file_cache is only supported with oauth2client<4.0.0
[INFO] 2025-10-27 12:28:03,419 | google_auth_httplib2 | Refreshing credentials due to a 401 response. Attempt 1/2.
[WARNING] 2025-10-27 12:32:49,013 | django.server | "GET /static/frontend/css/style_contro.css HTTP/1.1" 404 1901
[INFO] 2025-10-27 12:32:54,751 | googleapiclient.discovery_cache | file_cache is only supported with oauth2client<4.0.0
[INFO] 2025-10-27 12:32:55,294 | google_auth_httplib2 | Refreshing credentials due to a 401 response. Attempt 1/2.
[WARNING] 2025-10-27 12:33:02,154 | django.server | "GET /static/frontend/css/style_contro.css HTTP/1.1" 404 1901
[WARNING] 2025-10-27 12:33:02,473 | django.server | "GET /static/frontend/js/contributor.js HTTP/1.1" 404 1892
[WARNING] 2025-10-27 12:33:02,475 | django.server | "GET /static/frontend/images/high-five.jpg HTTP/1.1" 404 1901
[INFO] 2025-10-27 12:33:09,234 | googleapiclient.discovery_cache | file_cache is only supported with oauth2client<4.0.0
[INFO] 2025-10-27 12:33:09,682 | google_auth_httplib2 | Refreshing credentials due to a 401 response. Attempt 1/2.
[INFO] 2025-10-27 12:33:13,906 | googleapiclient.discovery_cache | file_cache is only supported with oauth2client<4.0.0
[INFO] 2025-10-27 12:33:14,338 | google_auth_httplib2 | Refreshing credentials due to a 401 response. Attempt 1/2.
[INFO] 2025-10-27 12:37:46,931 | googleapiclient.discovery_cache | file_cache is only supported with oauth2client<4.0.0
[INFO] 2025-10-27 12:37:47,435 | google_auth_httplib2 | Refreshing credentials due to a 401 response. Attempt 1/2.
[WARNING] 2025-10-27 12:37:54,264 | django.server | "GET /static/frontend/css/style_contro.css HTTP/1.1" 404 1901
[WARNING] 2025-10-27 12:37:54,595 | django.server | "GET /static/frontend/js/contributor.js HTTP/1.1" 404 1892
[WARNING] 2025-10-27 12:37:54,595 | django.server | "GET /static/frontend/images/high-five.jpg HTTP/1.1" 404 1901
[INFO] 2025-10-27 12:39:04,146 | googleapiclient.discovery_cache | file_cache is only supported with oauth2client<4.0.0
[INFO] 2025-10-27 12:39:04,596 | google_auth_httplib2 | Refreshing credentials due to a 401 response. Attempt 1/2.
[INFO] 2025-10-27 12:39:08,696 | googleapiclient.discovery_cache | file_cache is only supported with oauth2client<4.0.0
[INFO] 2025-10-27 12:39:09,132 | google_auth_httplib2 | Refreshing credentials due to a 401 response. Attempt 1/2.
[INFO] 2025-10-27 12:39:11,374 | googleapiclient.discovery_cache | file_cache is only supported with oauth2client<4.0.0
[INFO] 2025-10-27 12:39:11,758 | google_auth_httplib2 | Refreshing credentials due to a 401 response. Attempt 1/2.
[INFO] 2025-10-27 12:39:12,702 | googleapiclient.discovery_cache | file_cache is only supported with oauth2client<4.0.0
[INFO] 2025-10-27 12:39:13,096 | google_auth_httplib2 | Refreshing credentials due to a 401 response. Attempt 1/2.
[INFO] 2025-10-27 12:39:14,829 | googleapiclient.discovery_cache | file_cache is only supported with oauth2client<4.0.0
[INFO] 2025-10-27 12:39:15,234 | google_auth_httplib2 | Refreshing credentials due to a 401 response. Attempt 1/2.
[INFO] 2025-10-27 12:39:16,759 | googleapiclient.discovery_cache | file_cache is only supported with oauth2client<4.0.0
[INFO] 2025-10-27 12:39:17,150 | google_auth_httplib2 | Refreshing credentials due to a 401 response. Attempt 1/2.
[INFO] 2025-10-27 12:39:40,438 | googleapiclient.discovery_cache | file_cache is only supported with oauth2client<4.0.0
[INFO] 2025-10-27 12:39:40,872 | google_auth_httplib2 | Refreshing credentials due to a 401 response. Attempt 1/2.
[WARNING] 2025-10-27 13:04:21,303 | langchain_google_genai.chat_models | Retrying langchain_google_genai.chat_models._chat_with_retry.<locals>._chat_with_retry in 2.0 seconds as it raised ResourceExhausted: 429 You exceeded your current quota, please check your plan and billing details. For more information on this error, head to: https://ai.google.dev/gemini-api/docs/rate-limits. To monitor your current usage, head to: https://ai.dev/usage?tab=rate-limit.
* Quota exceeded for metric: generativelanguage.googleapis.com/generate_content_free_tier_requests, limit: 2
Please retry in 38.40793864s. [violations {
  quota_metric: "generativelanguage.googleapis.com/generate_content_free_tier_requests"
  quota_id: "GenerateRequestsPerMinutePerProjectPerModel-FreeTier"
  quota_dimensions {
    key: "model"
    value: "gemini-2.5-pro"
  }
  quota_dimensions {
    key: "location"
    value: "global"
  }
  quota_value: 2
}
, links {
  description: "Learn more about Gemini API quotas"
  url: "https://ai.google.dev/gemini-api/docs/rate-limits"
}
, retry_delay {
  seconds: 38
}
].
[WARNING] 2025-10-27 13:04:23,553 | langchain_google_genai.chat_models | Retrying langchain_google_genai.chat_models._chat_with_retry.<locals>._chat_with_retry in 4.0 seconds as it raised ResourceExhausted: 429 You exceeded your current quota, please check your plan and billing details. For more information on this error, head to: https://ai.google.dev/gemini-api/docs/rate-limits. To monitor your current usage, head to: https://ai.dev/usage?tab=rate-limit.
* Quota exceeded for metric: generativelanguage.googleapis.com/generate_content_free_tier_requests, limit: 2
Please retry in 36.126030912s. [violations {
  quota_metric: "generativelanguage.googleapis.com/generate_content_free_tier_requests"
  quota_id: "GenerateRequestsPerMinutePerProjectPerModel-FreeTier"
  quota_dimensions {
    key: "model"
    value: "gemini-2.5-pro"
  }
  quota_dimensions {
    key: "location"
    value: "global"
  }
  quota_value: 2
}
, links {
  description: "Learn more about Gemini API quotas"
  url: "https://ai.google.dev/gemini-api/docs/rate-limits"
}
, retry_delay {
  seconds: 36
}
].
[WARNING] 2025-10-27 13:04:27,851 | langchain_google_genai.chat_models | Retrying langchain_google_genai.chat_models._chat_with_retry.<locals>._chat_with_retry in 8.0 seconds as it raised ResourceExhausted: 429 You exceeded your current quota, please check your plan and billing details. For more information on this error, head to: https://ai.google.dev/gemini-api/docs/rate-limits. To monitor your current usage, head to: https://ai.dev/usage?tab=rate-limit.
* Quota exceeded for metric: generativelanguage.googleapis.com/generate_content_free_tier_requests, limit: 2
Please retry in 31.865582202s. [violations {
  quota_metric: "generativelanguage.googleapis.com/generate_content_free_tier_requests"
  quota_id: "GenerateRequestsPerMinutePerProjectPerModel-FreeTier"
  quota_dimensions {
    key: "model"
    value: "gemini-2.5-pro"
  }
  quota_dimensions {
    key: "location"
    value: "global"
  }
  quota_value: 2
}
, links {
  description: "Learn more about Gemini API quotas"
  url: "https://ai.google.dev/gemini-api/docs/rate-limits"
}
, retry_delay {
  seconds: 31
}
].
[WARNING] 2025-10-27 13:04:36,176 | langchain_google_genai.chat_models | Retrying langchain_google_genai.chat_models._chat_with_retry.<locals>._chat_with_retry in 16.0 seconds as it raised ResourceExhausted: 429 You exceeded your current quota, please check your plan and billing details. For more information on this error, head to: https://ai.google.dev/gemini-api/docs/rate-limits. To monitor your current usage, head to: https://ai.dev/usage?tab=rate-limit.
* Quota exceeded for metric: generativelanguage.googleapis.com/generate_content_free_tier_requests, limit: 2
Please retry in 23.512253396s. [violations {
  quota_metric: "generativelanguage.googleapis.com/generate_content_free_tier_requests"
  quota_id: "GenerateRequestsPerMinutePerProjectPerModel-FreeTier"
  quota_dimensions {
    key: "model"
    value: "gemini-2.5-pro"
  }
  quota_dimensions {
    key: "location"
    value: "global"
  }
  quota_value: 2
}
, links {
  description: "Learn more about Gemini API quotas"
  url: "https://ai.google.dev/gemini-api/docs/rate-limits"
}
, retry_delay {
  seconds: 23
}
].
[WARNING] 2025-10-27 13:04:52,394 | langchain_google_genai.chat_models | Retrying langchain_google_genai.chat_models._chat_with_retry.<locals>._chat_with_retry in 32.0 seconds as it raised ResourceExhausted: 429 You exceeded your current quota, please check your plan and billing details. For more information on this error, head to: https://ai.google.dev/gemini-api/docs/rate-limits. To monitor your current usage, head to: https://ai.dev/usage?tab=rate-limit.
* Quota exceeded for metric: generativelanguage.googleapis.com/generate_content_free_tier_requests, limit: 2
Please retry in 7.249705589s. [violations {
  quota_metric: "generativelanguage.googleapis.com/generate_content_free_tier_requests"
  quota_id: "GenerateRequestsPerMinutePerProjectPerModel-FreeTier"
  quota_dimensions {
    key: "model"
    value: "gemini-2.5-pro"
  }
  quota_dimensions {
    key: "location"
    value: "global"
  }
  quota_value: 2
}
, links {
  description: "Learn more about Gemini API quotas"
  url: "https://ai.google.dev/gemini-api/docs/rate-limits"
}
, retry_delay {
  seconds: 7
}
].
[WARNING] 2025-10-27 13:09:15,219 | django.server | "GET /static/frontend/css/style_contro.css HTTP/1.1" 404 1901
[WARNING] 2025-10-27 13:09:23,048 | django.server | "GET /static/frontend/css/style_contro.css HTTP/1.1" 404 1901
[WARNING] 2025-10-27 14:27:35,245 | django.request | Not Found: /favicon.ico
[WARNING] 2025-10-27 14:27:35,245 | django.server | "GET /favicon.ico HTTP/1.1" 404 6781
[WARNING] 2025-10-27 14:48:35,280 | django.server | "GET /static/frontend/css/style_contro.css HTTP/1.1" 404 1901
[WARNING] 2025-10-27 14:52:06,921 | django.server | "GET /static/frontend/css/style_contro.css HTTP/1.1" 404 1901
[INFO] 2025-10-27 14:52:09,824 | googleapiclient.discovery_cache | file_cache is only supported with oauth2client<4.0.0
[INFO] 2025-10-27 14:52:16,997 | google_auth_httplib2 | Refreshing credentials due to a 401 response. Attempt 1/2.
[WARNING] 2025-10-27 14:52:25,320 | django.server | "GET /static/frontend/css/style_contro.css HTTP/1.1" 404 1901
[WARNING] 2025-10-27 14:52:25,578 | django.server | "GET /static/frontend/images/high-five.jpg HTTP/1.1" 404 1901
[WARNING] 2025-10-27 14:52:25,578 | django.server | "GET /static/frontend/js/contributor.js HTTP/1.1" 404 1892
[WARNING] 2025-10-27 14:53:35,144 | django.server | "GET /static/frontend/css/style_contro.css HTTP/1.1" 404 1901
[INFO] 2025-10-27 14:54:26,797 | googleapiclient.discovery_cache | file_cache is only supported with oauth2client<4.0.0
[INFO] 2025-10-27 14:54:27,295 | google_auth_httplib2 | Refreshing credentials due to a 401 response. Attempt 1/2.
[WARNING] 2025-10-27 14:54:33,505 | django.server | "GET /static/frontend/css/style_contro.css HTTP/1.1" 404 1901
[WARNING] 2025-10-27 14:54:33,506 | django.server | "GET /static/frontend/images/high-five.jpg HTTP/1.1" 404 1901
[WARNING] 2025-10-27 14:54:33,507 | django.server | "GET /static/frontend/js/contributor.js HTTP/1.1" 404 1892
>>>>>>> 1c8d171 (Update UI and agents)
