[WARNING] 2025-10-29 09:18:01,072 | django.request | Not Found: /favicon.ico
[WARNING] 2025-10-29 09:18:01,092 | django.server | "GET /favicon.ico HTTP/1.1" 404 7902
[ERROR] 2025-10-29 09:21:35,391 | django.request | Internal Server Error: /register/
Traceback (most recent call last):
  File "C:\Users\gauri\AppData\Local\Programs\Python\Python310\lib\site-packages\django\core\handlers\exception.py", line 55, in inner
    response = get_response(request)
  File "C:\Users\gauri\AppData\Local\Programs\Python\Python310\lib\site-packages\django\core\handlers\base.py", line 197, in _get_response
    response = wrapped_callback(request, *callback_args, **callback_kwargs)
  File "C:\Users\gauri\IdeaProjects\oer\accounts\views\views.py", line 149, in register_view
    user.program = Program.objects.get(program_name=request.POST.get('program'))
  File "C:\Users\gauri\AppData\Local\Programs\Python\Python310\lib\site-packages\django\db\models\manager.py", line 87, in manager_method
    return getattr(self.get_queryset(), name)(*args, **kwargs)
  File "C:\Users\gauri\AppData\Local\Programs\Python\Python310\lib\site-packages\django\db\models\query.py", line 633, in get
    raise self.model.DoesNotExist(
accounts.models.Program.DoesNotExist: Program matching query does not exist.
[ERROR] 2025-10-29 09:21:35,407 | django.server | "POST /register/ HTTP/1.1" 500 83576
[ERROR] 2025-10-29 09:26:33,571 | django.request | Internal Server Error: /register/
Traceback (most recent call last):
  File "C:\Users\gauri\AppData\Local\Programs\Python\Python310\lib\site-packages\django\core\handlers\exception.py", line 55, in inner
    response = get_response(request)
  File "C:\Users\gauri\AppData\Local\Programs\Python\Python310\lib\site-packages\django\core\handlers\base.py", line 197, in _get_response
    response = wrapped_callback(request, *callback_args, **callback_kwargs)
  File "C:\Users\gauri\IdeaProjects\oer\accounts\views\views.py", line 149, in register_view
    user.program = Program.objects.get(program_name=request.POST.get('program'))
  File "C:\Users\gauri\AppData\Local\Programs\Python\Python310\lib\site-packages\django\db\models\manager.py", line 87, in manager_method
    return getattr(self.get_queryset(), name)(*args, **kwargs)
  File "C:\Users\gauri\AppData\Local\Programs\Python\Python310\lib\site-packages\django\db\models\query.py", line 633, in get
    raise self.model.DoesNotExist(
accounts.models.Program.DoesNotExist: Program matching query does not exist.
[ERROR] 2025-10-29 09:26:33,584 | django.server | "POST /register/ HTTP/1.1" 500 83573
[WARNING] 2025-10-29 09:30:01,442 | django.server | "GET /static/frontend/css/style_contro.css HTTP/1.1" 404 1901
[WARNING] 2025-10-29 09:30:05,688 | django.server | "GET /static/frontend/css/style_contro.css HTTP/1.1" 404 1901
[WARNING] 2025-10-29 09:30:45,101 | django.server | "GET /static/frontend/css/style_contro.css HTTP/1.1" 404 1901
[WARNING] 2025-10-29 09:30:47,514 | django.server | "GET /static/frontend/css/style_contro.css HTTP/1.1" 404 1901
[INFO] 2025-10-29 09:31:25,058 | googleapiclient.discovery_cache | file_cache is only supported with oauth2client<4.0.0
[INFO] 2025-10-29 09:31:25,770 | google_auth_httplib2 | Refreshing credentials due to a 401 response. Attempt 1/2.
[ERROR] 2025-10-29 09:31:26,610 | django.request | Internal Server Error: /dashboard/contributor/submit_content/
Traceback (most recent call last):
  File "C:\Users\gauri\AppData\Local\Programs\Python\Python310\lib\site-packages\django\core\handlers\exception.py", line 55, in inner
    response = get_response(request)
  File "C:\Users\gauri\AppData\Local\Programs\Python\Python310\lib\site-packages\django\core\handlers\base.py", line 197, in _get_response
    response = wrapped_callback(request, *callback_args, **callback_kwargs)
  File "C:\Users\gauri\IdeaProjects\oer\accounts\views\contributor\contributor_dashboard.py", line 155, in contributor_submit_content_view
    oer_root_id = get_or_create_drive_folder(service, "oer_content")
  File "C:\Users\gauri\IdeaProjects\oer\langgraph_agents\services\drive_service.py", line 32, in get_or_create_drive_folder
    result = service.files().list(q=query, spaces='drive', fields='files(id, name)').execute()
  File "C:\Users\gauri\AppData\Local\Programs\Python\Python310\lib\site-packages\googleapiclient\_helpers.py", line 130, in positional_wrapper
    return wrapped(*args, **kwargs)
  File "C:\Users\gauri\AppData\Local\Programs\Python\Python310\lib\site-packages\googleapiclient\http.py", line 923, in execute
    resp, content = _retry_request(
  File "C:\Users\gauri\AppData\Local\Programs\Python\Python310\lib\site-packages\googleapiclient\http.py", line 191, in _retry_request
    resp, content = http.request(uri, method, *args, **kwargs)
  File "C:\Users\gauri\AppData\Local\Programs\Python\Python310\lib\site-packages\google_auth_httplib2.py", line 245, in request
    self.credentials.refresh(self._request)
  File "C:\Users\gauri\AppData\Local\Programs\Python\Python310\lib\site-packages\google\oauth2\credentials.py", line 409, in refresh
    ) = reauth.refresh_grant(
  File "C:\Users\gauri\AppData\Local\Programs\Python\Python310\lib\site-packages\google\oauth2\reauth.py", line 366, in refresh_grant
    _client._handle_error_response(response_data, retryable_error)
  File "C:\Users\gauri\AppData\Local\Programs\Python\Python310\lib\site-packages\google\oauth2\_client.py", line 69, in _handle_error_response
    raise exceptions.RefreshError(
google.auth.exceptions.RefreshError: ('invalid_grant: Token has been expired or revoked.', {'error': 'invalid_grant', 'error_description': 'Token has been expired or revoked.'})
[ERROR] 2025-10-29 09:31:26,634 | django.server | "GET /dashboard/contributor/submit_content/?course_id=30&chapter_id=76 HTTP/1.1" 500 115264
[WARNING] 2025-10-29 09:35:47,992 | django.server | "GET /static/frontend/css/style_contro.css HTTP/1.1" 404 1901
[INFO] 2025-10-29 09:35:52,443 | googleapiclient.discovery_cache | file_cache is only supported with oauth2client<4.0.0
[INFO] 2025-10-29 09:35:53,357 | google_auth_httplib2 | Refreshing credentials due to a 401 response. Attempt 1/2.
[ERROR] 2025-10-29 09:35:53,928 | django.request | Internal Server Error: /dashboard/contributor/submit_content/
Traceback (most recent call last):
  File "C:\Users\gauri\IdeaProjects\oer\accounts\views\contributor\contributor_dashboard.py", line 236, in contributor_submit_content_view
    oer_root_id = get_or_create_drive_folder(service, "oer_content")
  File "C:\Users\gauri\IdeaProjects\oer\langgraph_agents\services\drive_service.py", line 32, in get_or_create_drive_folder
    result = service.files().list(q=query, spaces='drive', fields='files(id, name)').execute()
  File "C:\Users\gauri\AppData\Local\Programs\Python\Python310\lib\site-packages\googleapiclient\_helpers.py", line 130, in positional_wrapper
    return wrapped(*args, **kwargs)
  File "C:\Users\gauri\AppData\Local\Programs\Python\Python310\lib\site-packages\googleapiclient\http.py", line 923, in execute
    resp, content = _retry_request(
  File "C:\Users\gauri\AppData\Local\Programs\Python\Python310\lib\site-packages\googleapiclient\http.py", line 191, in _retry_request
    resp, content = http.request(uri, method, *args, **kwargs)
  File "C:\Users\gauri\AppData\Local\Programs\Python\Python310\lib\site-packages\google_auth_httplib2.py", line 245, in request
    self.credentials.refresh(self._request)
  File "C:\Users\gauri\AppData\Local\Programs\Python\Python310\lib\site-packages\google\oauth2\credentials.py", line 409, in refresh
    ) = reauth.refresh_grant(
  File "C:\Users\gauri\AppData\Local\Programs\Python\Python310\lib\site-packages\google\oauth2\reauth.py", line 366, in refresh_grant
    _client._handle_error_response(response_data, retryable_error)
  File "C:\Users\gauri\AppData\Local\Programs\Python\Python310\lib\site-packages\google\oauth2\_client.py", line 69, in _handle_error_response
    raise exceptions.RefreshError(
google.auth.exceptions.RefreshError: ('invalid_grant: Token has been expired or revoked.', {'error': 'invalid_grant', 'error_description': 'Token has been expired or revoked.'})

During handling of the above exception, another exception occurred:

Traceback (most recent call last):
  File "C:\Users\gauri\AppData\Local\Programs\Python\Python310\lib\site-packages\django\core\handlers\exception.py", line 55, in inner
    response = get_response(request)
  File "C:\Users\gauri\AppData\Local\Programs\Python\Python310\lib\site-packages\django\core\handlers\base.py", line 197, in _get_response
    response = wrapped_callback(request, *callback_args, **callback_kwargs)
  File "C:\Users\gauri\IdeaProjects\oer\accounts\views\contributor\contributor_dashboard.py", line 274, in contributor_submit_content_view
    return redirect('contributor_submit_content_view')  # Will trigger re-login
NameError: name 'redirect' is not defined
[ERROR] 2025-10-29 09:35:53,944 | django.server | "GET /dashboard/contributor/submit_content/?course_id=30&chapter_id=77 HTTP/1.1" 500 120892
[WARNING] 2025-10-29 09:36:39,690 | django.server | "GET /static/frontend/css/style_contro.css HTTP/1.1" 404 1901
[WARNING] 2025-10-29 09:36:39,702 | django.server | "GET /static/frontend/images/high-five.jpg HTTP/1.1" 404 1901
[WARNING] 2025-10-29 09:36:39,702 | django.server | "GET /static/frontend/js/contributor.js HTTP/1.1" 404 1892
[WARNING] 2025-10-29 09:38:56,284 | django.server | "GET /static/frontend/css/style.css HTTP/1.1" 404 1880
[WARNING] 2025-10-29 09:38:56,288 | django.server | "GET /static/frontend/images/home.jpg HTTP/1.1" 404 1886
[WARNING] 2025-10-29 09:39:12,209 | django.server | "GET /static/frontend/css/style.css HTTP/1.1" 404 1880
[WARNING] 2025-10-29 09:40:11,804 | django.server | "GET /static/frontend/css/style.css HTTP/1.1" 404 1880
[WARNING] 2025-10-29 09:43:12,100 | django.server | "GET /static/frontend/css/style.css HTTP/1.1" 404 1880
[WARNING] 2025-10-29 09:43:12,101 | django.server | "GET /static/frontend/images/home.jpg HTTP/1.1" 404 1886
[WARNING] 2025-10-29 09:43:18,514 | django.server | "GET /static/frontend/css/style.css HTTP/1.1" 404 1880
[WARNING] 2025-10-29 09:43:18,515 | django.server | "GET /static/frontend/images/home.jpg HTTP/1.1" 404 1886
[WARNING] 2025-10-29 09:43:24,953 | django.server | "GET /static/frontend/css/style.css HTTP/1.1" 404 1880
[WARNING] 2025-10-29 09:43:41,369 | django.server | "GET /static/frontend/css/style.css HTTP/1.1" 404 1880
[WARNING] 2025-10-29 09:43:47,428 | django.server | "GET /static/frontend/css/style.css HTTP/1.1" 404 1880
[WARNING] 2025-10-29 09:43:55,322 | django.server | "GET /static/frontend/css/style.css HTTP/1.1" 404 1880
[WARNING] 2025-10-29 09:44:06,576 | django.server | "GET /static/frontend/css/style.css HTTP/1.1" 404 1880
[WARNING] 2025-10-29 09:44:12,781 | django.server | "GET /static/frontend/css/style.css HTTP/1.1" 404 1880
[WARNING] 2025-10-29 09:46:33,511 | django.server | "GET /static/frontend/images/home.jpg HTTP/1.1" 404 1886
[WARNING] 2025-10-29 09:46:33,511 | django.server | "GET /static/frontend/css/style.css HTTP/1.1" 404 1880
[WARNING] 2025-10-29 09:46:46,130 | django.server | "GET /static/frontend/css/style.css HTTP/1.1" 404 1880
[WARNING] 2025-10-29 09:47:27,985 | django.server | "GET /static/frontend/css/style.css HTTP/1.1" 404 1880
[WARNING] 2025-10-29 09:47:27,996 | django.server | "GET /static/frontend/images/home.jpg HTTP/1.1" 404 1886
[WARNING] 2025-10-29 09:47:32,741 | django.server | "GET /static/frontend/css/style.css HTTP/1.1" 404 1880
[WARNING] 2025-10-29 09:48:40,990 | django.server | "GET /static/frontend/css/style.css HTTP/1.1" 404 1880
[WARNING] 2025-10-29 09:48:42,239 | django.server | "GET /static/frontend/css/style.css HTTP/1.1" 404 1880
[WARNING] 2025-10-29 09:48:44,347 | django.server | "GET /static/frontend/css/style.css HTTP/1.1" 404 1880
[WARNING] 2025-10-29 09:48:44,350 | django.server | "GET /static/frontend/images/home.jpg HTTP/1.1" 404 1886
[WARNING] 2025-10-29 09:48:51,695 | django.server | "GET /static/frontend/css/style.css HTTP/1.1" 404 1880
[WARNING] 2025-10-29 09:56:34,965 | django.server | "GET /static/frontend/css/style.css HTTP/1.1" 404 1880
[WARNING] 2025-10-29 09:59:50,648 | django.server | "GET /static/frontend/images/home.jpg HTTP/1.1" 404 1886
[WARNING] 2025-10-29 09:59:50,648 | django.server | "GET /static/frontend/css/style.css HTTP/1.1" 404 1880
[WARNING] 2025-10-29 09:59:59,837 | django.server | "GET /static/frontend/css/style.css HTTP/1.1" 404 1880
[ERROR] 2025-10-29 10:02:06,768 | django.request | Internal Server Error: /subject/Information Technology/3/5/
Traceback (most recent call last):
  File "C:\Users\gauri\AppData\Local\Programs\Python\Python310\lib\site-packages\django\core\handlers\exception.py", line 55, in inner
    response = get_response(request)
  File "C:\Users\gauri\AppData\Local\Programs\Python\Python310\lib\site-packages\django\core\handlers\base.py", line 197, in _get_response
    response = wrapped_callback(request, *callback_args, **callback_kwargs)
  File "C:\Users\gauri\IdeaProjects\oer\accounts\views\home\subjects.py", line 35, in subject_view
    return render(request, 'home/subject_list.html', context)
  File "C:\Users\gauri\AppData\Local\Programs\Python\Python310\lib\site-packages\django\shortcuts.py", line 25, in render
    content = loader.render_to_string(template_name, context, request, using=using)
  File "C:\Users\gauri\AppData\Local\Programs\Python\Python310\lib\site-packages\django\template\loader.py", line 62, in render_to_string
    return template.render(context, request)
  File "C:\Users\gauri\AppData\Local\Programs\Python\Python310\lib\site-packages\django\template\backends\django.py", line 107, in render
    return self.template.render(context)
  File "C:\Users\gauri\AppData\Local\Programs\Python\Python310\lib\site-packages\django\template\base.py", line 171, in render
    return self._render(context)
  File "C:\Users\gauri\AppData\Local\Programs\Python\Python310\lib\site-packages\django\template\base.py", line 163, in _render
    return self.nodelist.render(context)
  File "C:\Users\gauri\AppData\Local\Programs\Python\Python310\lib\site-packages\django\template\base.py", line 1016, in render
    return SafeString("".join([node.render_annotated(context) for node in self]))
  File "C:\Users\gauri\AppData\Local\Programs\Python\Python310\lib\site-packages\django\template\base.py", line 1016, in <listcomp>
    return SafeString("".join([node.render_annotated(context) for node in self]))
  File "C:\Users\gauri\AppData\Local\Programs\Python\Python310\lib\site-packages\django\template\base.py", line 977, in render_annotated
    return self.render(context)
  File "C:\Users\gauri\AppData\Local\Programs\Python\Python310\lib\site-packages\django\template\loader_tags.py", line 159, in render
    return compiled_parent._render(context)
  File "C:\Users\gauri\AppData\Local\Programs\Python\Python310\lib\site-packages\django\template\base.py", line 163, in _render
    return self.nodelist.render(context)
  File "C:\Users\gauri\AppData\Local\Programs\Python\Python310\lib\site-packages\django\template\base.py", line 1016, in render
    return SafeString("".join([node.render_annotated(context) for node in self]))
  File "C:\Users\gauri\AppData\Local\Programs\Python\Python310\lib\site-packages\django\template\base.py", line 1016, in <listcomp>
    return SafeString("".join([node.render_annotated(context) for node in self]))
  File "C:\Users\gauri\AppData\Local\Programs\Python\Python310\lib\site-packages\django\template\base.py", line 977, in render_annotated
    return self.render(context)
  File "C:\Users\gauri\AppData\Local\Programs\Python\Python310\lib\site-packages\django\template\defaulttags.py", line 480, in render
    url = reverse(view_name, args=args, kwargs=kwargs, current_app=current_app)
  File "C:\Users\gauri\AppData\Local\Programs\Python\Python310\lib\site-packages\django\urls\base.py", line 98, in reverse
    resolved_url = resolver._reverse_with_prefix(view, prefix, *args, **kwargs)
  File "C:\Users\gauri\AppData\Local\Programs\Python\Python310\lib\site-packages\django\urls\resolvers.py", line 831, in _reverse_with_prefix
    raise NoReverseMatch(msg)
django.urls.exceptions.NoReverseMatch: Reverse for 'subject_view' with keyword arguments '{'stream': 'Information Technology', 'year': 'Third Year', 'semester': '5'}' not found. 1 pattern(s) tried: ['subject/(?P<stream>[^/]+)/(?P<year>[0-9]+)/(?P<semester>[^/]+)/\\Z']
[ERROR] 2025-10-29 10:02:06,794 | django.server | "GET /subject/Information%20Technology/3/5/ HTTP/1.1" 500 164582
[WARNING] 2025-10-29 10:23:49,289 | django.server | "GET /static/frontend/css/style.css HTTP/1.1" 404 1880
[WARNING] 2025-10-29 10:24:01,877 | django.server | "GET /static/frontend/css/style.css HTTP/1.1" 404 1880
[WARNING] 2025-10-29 10:24:27,836 | django.server | "GET /static/frontend/css/style.css HTTP/1.1" 404 1880
[WARNING] 2025-10-29 10:45:18,834 | django.server | "GET /static/frontend/images/home.jpg HTTP/1.1" 404 1886
[WARNING] 2025-10-29 10:46:16,131 | django.server | "GET /static/frontend/images/home.jpg HTTP/1.1" 404 1886
[WARNING] 2025-10-29 10:46:16,133 | django.server | "GET /static/frontend/css/style.css HTTP/1.1" 404 1880
[WARNING] 2025-10-29 10:46:19,478 | django.server | "GET /static/frontend/css/style.css HTTP/1.1" 404 1880
[WARNING] 2025-10-29 10:46:19,479 | django.server | "GET /static/frontend/images/home.jpg HTTP/1.1" 404 1886
[WARNING] 2025-10-29 10:46:22,204 | django.request | Not Found: /{% url 'login' %
[WARNING] 2025-10-29 10:46:22,206 | django.server | "GET /%7B%%20url%20'login'%20% HTTP/1.1" 404 7959
[WARNING] 2025-10-29 10:46:57,644 | django.server | "GET /static/frontend/css/style.css HTTP/1.1" 404 1880
[WARNING] 2025-10-29 10:46:57,645 | django.server | "GET /static/frontend/images/home.jpg HTTP/1.1" 404 1886
[WARNING] 2025-10-29 10:47:13,301 | django.server | "GET /static/frontend/css/style_contro.css HTTP/1.1" 404 1901
[WARNING] 2025-10-29 10:48:45,759 | django.server | "GET /static/accounts/default_avatar.png HTTP/1.1" 404 1895
[WARNING] 2025-10-29 10:49:59,430 | django.server | "GET /static/accounts/default_avatar.png HTTP/1.1" 404 1895
[WARNING] 2025-10-29 10:50:08,187 | django.server | "GET /static/frontend/css/style_contro.css HTTP/1.1" 404 1901
[WARNING] 2025-10-29 10:50:11,085 | django.server | "GET /static/accounts/default_avatar.png HTTP/1.1" 404 1895
[WARNING] 2025-10-29 10:51:07,523 | django.server | "GET /static/accounts/default_avatar.png HTTP/1.1" 404 1895
[WARNING] 2025-10-29 10:52:05,435 | django.request | Not Found: /dashboard/contributor/submit_content/
[WARNING] 2025-10-29 10:52:05,435 | django.server | "GET /dashboard/contributor/submit_content/?course_id=30&chapter_id=901 HTTP/1.1" 404 5830
[WARNING] 2025-10-29 10:57:23,106 | django.server | "GET /static/accounts/default_avatar.png HTTP/1.1" 404 1895
[WARNING] 2025-10-29 11:01:29,316 | django.server | "GET /static/accounts/default_avatar.png HTTP/1.1" 404 1895
[WARNING] 2025-10-29 11:09:57,962 | django.server | "GET /static/accounts/default_avatar.png HTTP/1.1" 404 1895
[WARNING] 2025-10-29 11:10:03,194 | django.server | "GET /static/frontend/css/style_contro.css HTTP/1.1" 404 1901
[WARNING] 2025-10-29 11:10:03,221 | django.server | "GET /static/frontend/images/high-five.jpg HTTP/1.1" 404 1901
[WARNING] 2025-10-29 11:10:03,222 | django.server | "GET /static/frontend/js/contributor.js HTTP/1.1" 404 1892
[ERROR] 2025-10-29 11:11:40,437 | django.request | Internal Server Error: /dashboard/contributor/
Traceback (most recent call last):
  File "C:\Users\gauri\AppData\Local\Programs\Python\Python310\lib\site-packages\django\template\base.py", line 510, in parse
    compile_func = self.tags[command]
KeyError: 'static'

During handling of the above exception, another exception occurred:

Traceback (most recent call last):
  File "C:\Users\gauri\AppData\Local\Programs\Python\Python310\lib\site-packages\django\core\handlers\exception.py", line 55, in inner
    response = get_response(request)
  File "C:\Users\gauri\AppData\Local\Programs\Python\Python310\lib\site-packages\django\core\handlers\base.py", line 197, in _get_response
    response = wrapped_callback(request, *callback_args, **callback_kwargs)
  File "C:\Users\gauri\AppData\Local\Programs\Python\Python310\lib\site-packages\django\contrib\auth\decorators.py", line 59, in _view_wrapper
    return view_func(request, *args, **kwargs)
  File "C:\Users\gauri\IdeaProjects\oer\accounts\views\contributor\contributor_dashboard.py", line 74, in contributor_dashboard_view
    return render(request, "contributor/contributor_dashboard.html", context)
  File "C:\Users\gauri\AppData\Local\Programs\Python\Python310\lib\site-packages\django\shortcuts.py", line 25, in render
    content = loader.render_to_string(template_name, context, request, using=using)
  File "C:\Users\gauri\AppData\Local\Programs\Python\Python310\lib\site-packages\django\template\loader.py", line 61, in render_to_string
    template = get_template(template_name, using=using)
  File "C:\Users\gauri\AppData\Local\Programs\Python\Python310\lib\site-packages\django\template\loader.py", line 15, in get_template
    return engine.get_template(template_name)
  File "C:\Users\gauri\AppData\Local\Programs\Python\Python310\lib\site-packages\django\template\backends\django.py", line 79, in get_template
    return Template(self.engine.get_template(template_name), self)
  File "C:\Users\gauri\AppData\Local\Programs\Python\Python310\lib\site-packages\django\template\engine.py", line 177, in get_template
    template, origin = self.find_template(template_name)
  File "C:\Users\gauri\AppData\Local\Programs\Python\Python310\lib\site-packages\django\template\engine.py", line 159, in find_template
    template = loader.get_template(name, skip=skip)
  File "C:\Users\gauri\AppData\Local\Programs\Python\Python310\lib\site-packages\django\template\loaders\cached.py", line 57, in get_template
    template = super().get_template(template_name, skip)
  File "C:\Users\gauri\AppData\Local\Programs\Python\Python310\lib\site-packages\django\template\loaders\base.py", line 28, in get_template
    return Template(
  File "C:\Users\gauri\AppData\Local\Programs\Python\Python310\lib\site-packages\django\template\base.py", line 154, in __init__
    self.nodelist = self.compile_nodelist()
  File "C:\Users\gauri\AppData\Local\Programs\Python\Python310\lib\site-packages\django\template\base.py", line 196, in compile_nodelist
    nodelist = parser.parse()
  File "C:\Users\gauri\AppData\Local\Programs\Python\Python310\lib\site-packages\django\template\base.py", line 518, in parse
    raise self.error(token, e)
  File "C:\Users\gauri\AppData\Local\Programs\Python\Python310\lib\site-packages\django\template\base.py", line 516, in parse
    compiled_result = compile_func(self, token)
  File "C:\Users\gauri\AppData\Local\Programs\Python\Python310\lib\site-packages\django\template\defaulttags.py", line 976, in do_if
    nodelist = parser.parse(("endif",))
  File "C:\Users\gauri\AppData\Local\Programs\Python\Python310\lib\site-packages\django\template\base.py", line 512, in parse
    self.invalid_block_tag(token, command, parse_until)
  File "C:\Users\gauri\AppData\Local\Programs\Python\Python310\lib\site-packages\django\template\base.py", line 567, in invalid_block_tag
    raise self.error(
django.template.exceptions.TemplateSyntaxError: Invalid block tag on line 216: 'static', expected 'endif'. Did you forget to register or load this tag?
[ERROR] 2025-10-29 11:11:40,451 | django.server | "GET /dashboard/contributor/ HTTP/1.1" 500 194676
[WARNING] 2025-10-29 11:11:59,452 | django.server | "GET /static/accounts/default_avatar.png HTTP/1.1" 404 1895
[WARNING] 2025-10-29 11:12:15,123 | django.server | "GET /static/accounts/default_avatar.png HTTP/1.1" 404 1895
[WARNING] 2025-10-29 11:12:22,952 | django.server | "GET /static/accounts/default_avatar.png HTTP/1.1" 404 1895
[WARNING] 2025-10-29 11:12:24,848 | django.server | "GET /static/frontend/css/style_contro.css HTTP/1.1" 404 1901
[WARNING] 2025-10-29 11:16:35,788 | django.server | "GET /static/frontend/css/style_contro.css HTTP/1.1" 404 1901
[ERROR] 2025-10-29 11:28:47,181 | django.request | Internal Server Error: /dashboard/contributor/submit_content/upload/30/81/
Traceback (most recent call last):
  File "C:\Users\gauri\AppData\Local\Programs\Python\Python310\lib\site-packages\django\core\handlers\exception.py", line 55, in inner
    response = get_response(request)
  File "C:\Users\gauri\AppData\Local\Programs\Python\Python310\lib\site-packages\django\core\handlers\base.py", line 197, in _get_response
    response = wrapped_callback(request, *callback_args, **callback_kwargs)
  File "C:\Users\gauri\IdeaProjects\oer\accounts\views\contributor\submit_content.py", line 38, in contributor_upload_file
    return render(request, "contributor/contributor_upload_file.html", context)
  File "C:\Users\gauri\AppData\Local\Programs\Python\Python310\lib\site-packages\django\shortcuts.py", line 25, in render
    content = loader.render_to_string(template_name, context, request, using=using)
  File "C:\Users\gauri\AppData\Local\Programs\Python\Python310\lib\site-packages\django\template\loader.py", line 61, in render_to_string
    template = get_template(template_name, using=using)
  File "C:\Users\gauri\AppData\Local\Programs\Python\Python310\lib\site-packages\django\template\loader.py", line 19, in get_template
    raise TemplateDoesNotExist(template_name, chain=chain)
django.template.exceptions.TemplateDoesNotExist: contributor/contributor_upload_file.html
[ERROR] 2025-10-29 11:28:47,197 | django.server | "GET /dashboard/contributor/submit_content/upload/30/81/ HTTP/1.1" 500 88864
[WARNING] 2025-10-29 11:50:01,393 | django.server | "GET /static/frontend/css/style.css HTTP/1.1" 404 1880
[WARNING] 2025-10-29 11:50:01,403 | django.server | "GET /static/frontend/images/home.jpg HTTP/1.1" 404 1886
[WARNING] 2025-10-29 11:50:30,527 | django.request | Not Found: /accounts/login/
[WARNING] 2025-10-29 11:50:30,534 | django.server | "GET /accounts/login/?next=/dashboard/contributor/ HTTP/1.1" 404 8297
[WARNING] 2025-10-29 11:51:07,375 | django.server | "GET /static/frontend/css/style.css HTTP/1.1" 404 1880
[WARNING] 2025-10-29 11:51:10,903 | django.server | "GET /static/frontend/css/style.css HTTP/1.1" 404 1880
[WARNING] 2025-10-29 17:41:12,865 | django.server | "GET /static/frontend/css/style.css HTTP/1.1" 404 1880
[WARNING] 2025-10-29 17:41:12,865 | django.server | "GET /static/frontend/images/home.jpg HTTP/1.1" 404 1886
[WARNING] 2025-10-29 17:41:13,035 | django.request | Not Found: /favicon.ico
[WARNING] 2025-10-29 17:41:13,037 | django.server | "GET /favicon.ico HTTP/1.1" 404 8256
[WARNING] 2025-10-29 17:42:14,617 | django.server | "GET /static/frontend/images/home.jpg HTTP/1.1" 404 1886
[WARNING] 2025-10-29 17:42:14,621 | django.server | "GET /static/frontend/css/style.css HTTP/1.1" 404 1880
[WARNING] 2025-10-29 17:44:03,316 | django.server | "GET /static/accounts/default_avatar.png HTTP/1.1" 404 1895
[WARNING] 2025-10-29 17:45:21,341 | django.server | "GET /static/frontend/css/style_contro.css HTTP/1.1" 404 1901
[WARNING] 2025-10-29 17:59:08,558 | django.request | Not Found: /dashboard/contributor/submit_content/
[WARNING] 2025-10-29 17:59:08,572 | django.server | "GET /dashboard/contributor/submit_content/ HTTP/1.1" 404 5797
[ERROR] 2025-10-29 17:59:14,152 | django.request | Internal Server Error: /forum/
Traceback (most recent call last):
  File "C:\Users\gauri\AppData\Local\Programs\Python\Python310\lib\site-packages\django\db\backends\utils.py", line 105, in _execute
    return self.cursor.execute(sql, params)
psycopg2.errors.UndefinedTable: relation "accounts_forumtopic" does not exist
LINE 1: ...pics"."forumquestion_id") AS "num_questions" FROM "accounts_...
                                                             ^


The above exception was the direct cause of the following exception:

Traceback (most recent call last):
  File "C:\Users\gauri\AppData\Local\Programs\Python\Python310\lib\site-packages\django\core\handlers\exception.py", line 55, in inner
    response = get_response(request)
  File "C:\Users\gauri\AppData\Local\Programs\Python\Python310\lib\site-packages\django\core\handlers\base.py", line 197, in _get_response
    response = wrapped_callback(request, *callback_args, **callback_kwargs)
  File "C:\Users\gauri\IdeaProjects\oer\accounts\views\forum.py", line 83, in forum_home
    return render(request, "forum/list.html", context)
  File "C:\Users\gauri\AppData\Local\Programs\Python\Python310\lib\site-packages\django\shortcuts.py", line 25, in render
    content = loader.render_to_string(template_name, context, request, using=using)
  File "C:\Users\gauri\AppData\Local\Programs\Python\Python310\lib\site-packages\django\template\loader.py", line 62, in render_to_string
    return template.render(context, request)
  File "C:\Users\gauri\AppData\Local\Programs\Python\Python310\lib\site-packages\django\template\backends\django.py", line 107, in render
    return self.template.render(context)
  File "C:\Users\gauri\AppData\Local\Programs\Python\Python310\lib\site-packages\django\template\base.py", line 171, in render
    return self._render(context)
  File "C:\Users\gauri\AppData\Local\Programs\Python\Python310\lib\site-packages\django\template\base.py", line 163, in _render
    return self.nodelist.render(context)
  File "C:\Users\gauri\AppData\Local\Programs\Python\Python310\lib\site-packages\django\template\base.py", line 1016, in render
    return SafeString("".join([node.render_annotated(context) for node in self]))
  File "C:\Users\gauri\AppData\Local\Programs\Python\Python310\lib\site-packages\django\template\base.py", line 1016, in <listcomp>
    return SafeString("".join([node.render_annotated(context) for node in self]))
  File "C:\Users\gauri\AppData\Local\Programs\Python\Python310\lib\site-packages\django\template\base.py", line 977, in render_annotated
    return self.render(context)
  File "C:\Users\gauri\AppData\Local\Programs\Python\Python310\lib\site-packages\django\template\defaulttags.py", line 199, in render
    len_values = len(values)
  File "C:\Users\gauri\AppData\Local\Programs\Python\Python310\lib\site-packages\django\db\models\query.py", line 366, in __len__
    self._fetch_all()
  File "C:\Users\gauri\AppData\Local\Programs\Python\Python310\lib\site-packages\django\db\models\query.py", line 1949, in _fetch_all
    self._result_cache = list(self._iterable_class(self))
  File "C:\Users\gauri\AppData\Local\Programs\Python\Python310\lib\site-packages\django\db\models\query.py", line 91, in __iter__
    results = compiler.execute_sql(
  File "C:\Users\gauri\AppData\Local\Programs\Python\Python310\lib\site-packages\django\db\models\sql\compiler.py", line 1623, in execute_sql
    cursor.execute(sql, params)
  File "C:\Users\gauri\AppData\Local\Programs\Python\Python310\lib\site-packages\django\db\backends\utils.py", line 122, in execute
    return super().execute(sql, params)
  File "C:\Users\gauri\AppData\Local\Programs\Python\Python310\lib\site-packages\django\db\backends\utils.py", line 79, in execute
    return self._execute_with_wrappers(
  File "C:\Users\gauri\AppData\Local\Programs\Python\Python310\lib\site-packages\django\db\backends\utils.py", line 92, in _execute_with_wrappers
    return executor(sql, params, many, context)
  File "C:\Users\gauri\AppData\Local\Programs\Python\Python310\lib\site-packages\django\db\backends\utils.py", line 100, in _execute
    with self.db.wrap_database_errors:
  File "C:\Users\gauri\AppData\Local\Programs\Python\Python310\lib\site-packages\django\db\utils.py", line 91, in __exit__
    raise dj_exc_value.with_traceback(traceback) from exc_value
  File "C:\Users\gauri\AppData\Local\Programs\Python\Python310\lib\site-packages\django\db\backends\utils.py", line 105, in _execute
    return self.cursor.execute(sql, params)
django.db.utils.ProgrammingError: relation "accounts_forumtopic" does not exist
LINE 1: ...pics"."forumquestion_id") AS "num_questions" FROM "accounts_...
                                                             ^

[ERROR] 2025-10-29 17:59:14,187 | django.server | "GET /forum/ HTTP/1.1" 500 175784
[INFO] 2025-10-29 18:33:31,959 | googleapiclient.discovery_cache | file_cache is only supported with oauth2client<4.0.0
[WARNING] 2025-10-29 18:39:00,555 | django.request | Not Found: /dashboard/contributor/submit_content/
[WARNING] 2025-10-29 18:39:00,590 | django.server | "GET /dashboard/contributor/submit_content/ HTTP/1.1" 404 5797
[WARNING] 2025-10-29 18:39:03,177 | django.server | "GET /static/frontend/css/style.css HTTP/1.1" 404 1880
[WARNING] 2025-10-29 18:39:03,177 | django.server | "GET /static/frontend/images/home.jpg HTTP/1.1" 404 1886
[WARNING] 2025-10-29 18:40:46,067 | django.server | "GET /static/frontend/css/style.css HTTP/1.1" 404 1880
[WARNING] 2025-10-29 18:40:49,769 | django.server | "GET /static/frontend/css/style.css HTTP/1.1" 404 1880
[WARNING] 2025-10-29 18:40:55,057 | django.server | "GET /static/frontend/css/style.css HTTP/1.1" 404 1880
[WARNING] 2025-10-29 18:40:55,057 | django.server | "GET /static/frontend/images/home.jpg HTTP/1.1" 404 1886
[WARNING] 2025-10-29 18:41:00,300 | django.server | "GET /static/frontend/css/style.css HTTP/1.1" 404 1880
[WARNING] 2025-10-29 18:41:15,188 | django.server | "GET /static/frontend/css/style.css HTTP/1.1" 404 1880
[WARNING] 2025-10-29 18:41:20,258 | django.server | "GET /static/frontend/css/style.css HTTP/1.1" 404 1880
[WARNING] 2025-10-29 18:41:36,948 | django.server | "GET /static/accounts/default_avatar.png HTTP/1.1" 404 1895
[WARNING] 2025-10-29 18:41:48,508 | django.server | "GET /static/frontend/css/style_contro.css HTTP/1.1" 404 1901
[WARNING] 2025-10-29 18:46:13,533 | django.server | "GET /static/accounts/default_avatar.png HTTP/1.1" 404 1895
[WARNING] 2025-10-29 18:48:05,595 | django.server | "GET /static/accounts/default_avatar.png HTTP/1.1" 404 1895
[INFO] 2025-10-29 18:48:09,972 | googleapiclient.discovery_cache | file_cache is only supported with oauth2client<4.0.0
[INFO] 2025-10-29 18:48:14,216 | googleapiclient.discovery_cache | file_cache is only supported with oauth2client<4.0.0
[INFO] 2025-10-29 18:57:02,178 | googleapiclient.discovery_cache | file_cache is only supported with oauth2client<4.0.0
[INFO] 2025-10-29 18:57:57,515 | googleapiclient.discovery_cache | file_cache is only supported with oauth2client<4.0.0
[INFO] 2025-10-29 18:59:57,597 | googleapiclient.discovery_cache | file_cache is only supported with oauth2client<4.0.0
[INFO] 2025-10-29 19:00:08,421 | googleapiclient.discovery_cache | file_cache is only supported with oauth2client<4.0.0
[INFO] 2025-10-29 19:00:09,896 | googleapiclient.discovery_cache | file_cache is only supported with oauth2client<4.0.0
[INFO] 2025-10-29 19:00:16,344 | googleapiclient.discovery_cache | file_cache is only supported with oauth2client<4.0.0
[INFO] 2025-10-29 19:00:16,857 | googleapiclient.discovery_cache | file_cache is only supported with oauth2client<4.0.0
[INFO] 2025-10-29 19:00:18,897 | googleapiclient.discovery_cache | file_cache is only supported with oauth2client<4.0.0
[INFO] 2025-10-29 19:00:19,488 | googleapiclient.discovery_cache | file_cache is only supported with oauth2client<4.0.0
[INFO] 2025-10-29 19:00:20,041 | googleapiclient.discovery_cache | file_cache is only supported with oauth2client<4.0.0
[INFO] 2025-10-29 19:00:20,628 | googleapiclient.discovery_cache | file_cache is only supported with oauth2client<4.0.0
[INFO] 2025-10-29 19:02:39,815 | googleapiclient.discovery_cache | file_cache is only supported with oauth2client<4.0.0
[INFO] 2025-10-29 19:06:13,420 | googleapiclient.discovery_cache | file_cache is only supported with oauth2client<4.0.0
[WARNING] 2025-10-29 19:06:36,400 | django.server | "GET /static/accounts/default_avatar.png HTTP/1.1" 404 1895
[INFO] 2025-10-29 19:08:15,507 | googleapiclient.discovery_cache | file_cache is only supported with oauth2client<4.0.0
[INFO] 2025-10-29 19:08:19,401 | googleapiclient.discovery_cache | file_cache is only supported with oauth2client<4.0.0
[INFO] 2025-10-29 19:19:54,520 | googleapiclient.discovery_cache | file_cache is only supported with oauth2client<4.0.0
[INFO] 2025-10-29 19:19:54,936 | google_auth_httplib2 | Refreshing credentials due to a 401 response. Attempt 1/2.
[ERROR] 2025-10-29 19:19:55,721 | django.request | Internal Server Error: /dashboard/contributor/submit_content/upload
Traceback (most recent call last):
  File "C:\Users\gauri\AppData\Local\Programs\Python\Python310\lib\site-packages\django\core\handlers\exception.py", line 55, in inner
    response = get_response(request)
  File "C:\Users\gauri\AppData\Local\Programs\Python\Python310\lib\site-packages\django\core\handlers\base.py", line 197, in _get_response
    response = wrapped_callback(request, *callback_args, **callback_kwargs)
  File "C:\Users\gauri\AppData\Local\Programs\Python\Python310\lib\site-packages\django\views\decorators\csrf.py", line 65, in _view_wrapper
    return view_func(request, *args, **kwargs)
  File "C:\Users\gauri\IdeaProjects\oer\accounts\views\contributor\submit_content.py", line 52, in upload_files
    oer_content_id = get_or_create_drive_folder(service, "oer_content")
  File "C:\Users\gauri\IdeaProjects\oer\langgraph_agents\services\drive_service.py", line 32, in get_or_create_drive_folder
    result = service.files().list(q=query, spaces='drive', fields='files(id, name)').execute()
  File "C:\Users\gauri\AppData\Local\Programs\Python\Python310\lib\site-packages\googleapiclient\_helpers.py", line 130, in positional_wrapper
    return wrapped(*args, **kwargs)
  File "C:\Users\gauri\AppData\Local\Programs\Python\Python310\lib\site-packages\googleapiclient\http.py", line 923, in execute
    resp, content = _retry_request(
  File "C:\Users\gauri\AppData\Local\Programs\Python\Python310\lib\site-packages\googleapiclient\http.py", line 191, in _retry_request
    resp, content = http.request(uri, method, *args, **kwargs)
  File "C:\Users\gauri\AppData\Local\Programs\Python\Python310\lib\site-packages\google_auth_httplib2.py", line 245, in request
    self.credentials.refresh(self._request)
  File "C:\Users\gauri\AppData\Local\Programs\Python\Python310\lib\site-packages\google\oauth2\credentials.py", line 397, in refresh
    raise exceptions.RefreshError(
google.auth.exceptions.RefreshError: The credentials do not contain the necessary fields need to refresh the access token. You must specify refresh_token, token_uri, client_id, and client_secret.
[ERROR] 2025-10-29 19:19:55,738 | django.server | "POST /dashboard/contributor/submit_content/upload HTTP/1.1" 500 110604
[INFO] 2025-10-29 19:20:03,830 | googleapiclient.discovery_cache | file_cache is only supported with oauth2client<4.0.0
[INFO] 2025-10-29 19:20:04,189 | google_auth_httplib2 | Refreshing credentials due to a 401 response. Attempt 1/2.
[ERROR] 2025-10-29 19:20:04,298 | django.request | Internal Server Error: /dashboard/contributor/submit_content/upload
Traceback (most recent call last):
  File "C:\Users\gauri\AppData\Local\Programs\Python\Python310\lib\site-packages\django\core\handlers\exception.py", line 55, in inner
    response = get_response(request)
  File "C:\Users\gauri\AppData\Local\Programs\Python\Python310\lib\site-packages\django\core\handlers\base.py", line 197, in _get_response
    response = wrapped_callback(request, *callback_args, **callback_kwargs)
  File "C:\Users\gauri\AppData\Local\Programs\Python\Python310\lib\site-packages\django\views\decorators\csrf.py", line 65, in _view_wrapper
    return view_func(request, *args, **kwargs)
  File "C:\Users\gauri\IdeaProjects\oer\accounts\views\contributor\submit_content.py", line 52, in upload_files
    oer_content_id = get_or_create_drive_folder(service, "oer_content")
  File "C:\Users\gauri\IdeaProjects\oer\langgraph_agents\services\drive_service.py", line 32, in get_or_create_drive_folder
    result = service.files().list(q=query, spaces='drive', fields='files(id, name)').execute()
  File "C:\Users\gauri\AppData\Local\Programs\Python\Python310\lib\site-packages\googleapiclient\_helpers.py", line 130, in positional_wrapper
    return wrapped(*args, **kwargs)
  File "C:\Users\gauri\AppData\Local\Programs\Python\Python310\lib\site-packages\googleapiclient\http.py", line 923, in execute
    resp, content = _retry_request(
  File "C:\Users\gauri\AppData\Local\Programs\Python\Python310\lib\site-packages\googleapiclient\http.py", line 191, in _retry_request
    resp, content = http.request(uri, method, *args, **kwargs)
  File "C:\Users\gauri\AppData\Local\Programs\Python\Python310\lib\site-packages\google_auth_httplib2.py", line 245, in request
    self.credentials.refresh(self._request)
  File "C:\Users\gauri\AppData\Local\Programs\Python\Python310\lib\site-packages\google\oauth2\credentials.py", line 397, in refresh
    raise exceptions.RefreshError(
google.auth.exceptions.RefreshError: The credentials do not contain the necessary fields need to refresh the access token. You must specify refresh_token, token_uri, client_id, and client_secret.
[ERROR] 2025-10-29 19:20:04,304 | django.server | "POST /dashboard/contributor/submit_content/upload HTTP/1.1" 500 110604
[INFO] 2025-10-29 19:20:14,931 | googleapiclient.discovery_cache | file_cache is only supported with oauth2client<4.0.0
[INFO] 2025-10-29 19:20:15,282 | google_auth_httplib2 | Refreshing credentials due to a 401 response. Attempt 1/2.
[ERROR] 2025-10-29 19:20:15,343 | django.request | Internal Server Error: /dashboard/contributor/submit_content/upload
Traceback (most recent call last):
  File "C:\Users\gauri\AppData\Local\Programs\Python\Python310\lib\site-packages\django\core\handlers\exception.py", line 55, in inner
    response = get_response(request)
  File "C:\Users\gauri\AppData\Local\Programs\Python\Python310\lib\site-packages\django\core\handlers\base.py", line 197, in _get_response
    response = wrapped_callback(request, *callback_args, **callback_kwargs)
  File "C:\Users\gauri\AppData\Local\Programs\Python\Python310\lib\site-packages\django\views\decorators\csrf.py", line 65, in _view_wrapper
    return view_func(request, *args, **kwargs)
  File "C:\Users\gauri\IdeaProjects\oer\accounts\views\contributor\submit_content.py", line 52, in upload_files
    oer_content_id = get_or_create_drive_folder(service, "oer_content")
  File "C:\Users\gauri\IdeaProjects\oer\langgraph_agents\services\drive_service.py", line 32, in get_or_create_drive_folder
    result = service.files().list(q=query, spaces='drive', fields='files(id, name)').execute()
  File "C:\Users\gauri\AppData\Local\Programs\Python\Python310\lib\site-packages\googleapiclient\_helpers.py", line 130, in positional_wrapper
    return wrapped(*args, **kwargs)
  File "C:\Users\gauri\AppData\Local\Programs\Python\Python310\lib\site-packages\googleapiclient\http.py", line 923, in execute
    resp, content = _retry_request(
  File "C:\Users\gauri\AppData\Local\Programs\Python\Python310\lib\site-packages\googleapiclient\http.py", line 191, in _retry_request
    resp, content = http.request(uri, method, *args, **kwargs)
  File "C:\Users\gauri\AppData\Local\Programs\Python\Python310\lib\site-packages\google_auth_httplib2.py", line 245, in request
    self.credentials.refresh(self._request)
  File "C:\Users\gauri\AppData\Local\Programs\Python\Python310\lib\site-packages\google\oauth2\credentials.py", line 397, in refresh
    raise exceptions.RefreshError(
google.auth.exceptions.RefreshError: The credentials do not contain the necessary fields need to refresh the access token. You must specify refresh_token, token_uri, client_id, and client_secret.
[ERROR] 2025-10-29 19:20:15,350 | django.server | "POST /dashboard/contributor/submit_content/upload HTTP/1.1" 500 110604
[INFO] 2025-10-29 19:22:15,007 | googleapiclient.discovery_cache | file_cache is only supported with oauth2client<4.0.0
[INFO] 2025-10-29 19:22:15,520 | google_auth_httplib2 | Refreshing credentials due to a 401 response. Attempt 1/2.
[INFO] 2025-10-29 19:22:16,712 | googleapiclient.discovery_cache | file_cache is only supported with oauth2client<4.0.0
[INFO] 2025-10-29 19:22:17,107 | google_auth_httplib2 | Refreshing credentials due to a 401 response. Attempt 1/2.
[INFO] 2025-10-29 19:23:15,647 | googleapiclient.discovery_cache | file_cache is only supported with oauth2client<4.0.0
[INFO] 2025-10-29 19:23:16,036 | google_auth_httplib2 | Refreshing credentials due to a 401 response. Attempt 1/2.
[INFO] 2025-10-29 19:23:27,349 | googleapiclient.discovery_cache | file_cache is only supported with oauth2client<4.0.0
[INFO] 2025-10-29 19:23:27,684 | google_auth_httplib2 | Refreshing credentials due to a 401 response. Attempt 1/2.
[INFO] 2025-10-29 19:23:28,788 | googleapiclient.discovery_cache | file_cache is only supported with oauth2client<4.0.0
[INFO] 2025-10-29 19:23:29,123 | google_auth_httplib2 | Refreshing credentials due to a 401 response. Attempt 1/2.
[INFO] 2025-10-29 19:24:07,011 | googleapiclient.discovery_cache | file_cache is only supported with oauth2client<4.0.0
[INFO] 2025-10-29 19:24:07,381 | google_auth_httplib2 | Refreshing credentials due to a 401 response. Attempt 1/2.
[INFO] 2025-10-29 19:24:08,490 | googleapiclient.discovery_cache | file_cache is only supported with oauth2client<4.0.0
[INFO] 2025-10-29 19:24:08,902 | google_auth_httplib2 | Refreshing credentials due to a 401 response. Attempt 1/2.
[INFO] 2025-10-29 19:26:50,763 | googleapiclient.discovery_cache | file_cache is only supported with oauth2client<4.0.0
[INFO] 2025-10-29 19:26:51,331 | google_auth_httplib2 | Refreshing credentials due to a 401 response. Attempt 1/2.
[INFO] 2025-10-29 19:26:52,445 | googleapiclient.discovery_cache | file_cache is only supported with oauth2client<4.0.0
[INFO] 2025-10-29 19:26:52,841 | google_auth_httplib2 | Refreshing credentials due to a 401 response. Attempt 1/2.
[INFO] 2025-10-29 19:27:42,655 | googleapiclient.discovery_cache | file_cache is only supported with oauth2client<4.0.0
[INFO] 2025-10-29 19:27:43,067 | google_auth_httplib2 | Refreshing credentials due to a 401 response. Attempt 1/2.
[INFO] 2025-10-29 19:27:44,155 | googleapiclient.discovery_cache | file_cache is only supported with oauth2client<4.0.0
[INFO] 2025-10-29 19:27:44,567 | google_auth_httplib2 | Refreshing credentials due to a 401 response. Attempt 1/2.
[INFO] 2025-10-29 19:33:22,258 | googleapiclient.discovery_cache | file_cache is only supported with oauth2client<4.0.0
[INFO] 2025-10-29 19:33:22,791 | google_auth_httplib2 | Refreshing credentials due to a 401 response. Attempt 1/2.
[INFO] 2025-10-29 19:33:45,604 | googleapiclient.discovery_cache | file_cache is only supported with oauth2client<4.0.0
[INFO] 2025-10-29 19:33:45,993 | google_auth_httplib2 | Refreshing credentials due to a 401 response. Attempt 1/2.
[INFO] 2025-10-29 19:33:47,090 | googleapiclient.discovery_cache | file_cache is only supported with oauth2client<4.0.0
[INFO] 2025-10-29 19:33:47,446 | google_auth_httplib2 | Refreshing credentials due to a 401 response. Attempt 1/2.
[INFO] 2025-10-29 19:34:17,703 | googleapiclient.discovery_cache | file_cache is only supported with oauth2client<4.0.0
[INFO] 2025-10-29 19:34:18,073 | google_auth_httplib2 | Refreshing credentials due to a 401 response. Attempt 1/2.
[INFO] 2025-10-29 19:34:19,461 | googleapiclient.discovery_cache | file_cache is only supported with oauth2client<4.0.0
[INFO] 2025-10-29 19:34:19,869 | google_auth_httplib2 | Refreshing credentials due to a 401 response. Attempt 1/2.
[INFO] 2025-10-29 19:36:24,388 | googleapiclient.discovery_cache | file_cache is only supported with oauth2client<4.0.0
[INFO] 2025-10-29 19:36:25,197 | google_auth_httplib2 | Refreshing credentials due to a 401 response. Attempt 1/2.
[INFO] 2025-10-29 19:36:33,237 | googleapiclient.discovery_cache | file_cache is only supported with oauth2client<4.0.0
[INFO] 2025-10-29 19:36:33,602 | google_auth_httplib2 | Refreshing credentials due to a 401 response. Attempt 1/2.
[ERROR] 2025-10-29 19:36:35,681 | django.request | Internal Server Error: /dashboard/contributor/submit_content/after_submission
[ERROR] 2025-10-29 19:36:35,723 | django.server | "POST /dashboard/contributor/submit_content/after_submission HTTP/1.1" 500 152
[INFO] 2025-10-29 19:36:36,002 | googleapiclient.discovery_cache | file_cache is only supported with oauth2client<4.0.0
[INFO] 2025-10-29 19:36:36,428 | google_auth_httplib2 | Refreshing credentials due to a 401 response. Attempt 1/2.
[INFO] 2025-10-29 19:36:37,103 | googleapiclient.discovery_cache | file_cache is only supported with oauth2client<4.0.0
[INFO] 2025-10-29 19:36:37,502 | google_auth_httplib2 | Refreshing credentials due to a 401 response. Attempt 1/2.
[ERROR] 2025-10-29 19:52:43,082 | django.request | Internal Server Error: /dashboard/contributor/submit_content/
Traceback (most recent call last):
  File "C:\Users\gauri\AppData\Local\Programs\Python\Python310\lib\site-packages\django\core\handlers\exception.py", line 55, in inner
    response = get_response(request)
  File "C:\Users\gauri\AppData\Local\Programs\Python\Python310\lib\site-packages\django\core\handlers\base.py", line 197, in _get_response
    response = wrapped_callback(request, *callback_args, **callback_kwargs)
  File "C:\Users\gauri\IdeaProjects\oer\accounts\views\contributor\contributor_dashboard.py", line 250, in contributor_submit_content_view
    return render(request, "contributor/after_submission.html", {
  File "C:\Users\gauri\AppData\Local\Programs\Python\Python310\lib\site-packages\django\shortcuts.py", line 25, in render
    content = loader.render_to_string(template_name, context, request, using=using)
  File "C:\Users\gauri\AppData\Local\Programs\Python\Python310\lib\site-packages\django\template\loader.py", line 62, in render_to_string
    return template.render(context, request)
  File "C:\Users\gauri\AppData\Local\Programs\Python\Python310\lib\site-packages\django\template\backends\django.py", line 107, in render
    return self.template.render(context)
  File "C:\Users\gauri\AppData\Local\Programs\Python\Python310\lib\site-packages\django\template\base.py", line 171, in render
    return self._render(context)
  File "C:\Users\gauri\AppData\Local\Programs\Python\Python310\lib\site-packages\django\template\base.py", line 163, in _render
    return self.nodelist.render(context)
  File "C:\Users\gauri\AppData\Local\Programs\Python\Python310\lib\site-packages\django\template\base.py", line 1016, in render
    return SafeString("".join([node.render_annotated(context) for node in self]))
  File "C:\Users\gauri\AppData\Local\Programs\Python\Python310\lib\site-packages\django\template\base.py", line 1016, in <listcomp>
    return SafeString("".join([node.render_annotated(context) for node in self]))
  File "C:\Users\gauri\AppData\Local\Programs\Python\Python310\lib\site-packages\django\template\base.py", line 977, in render_annotated
    return self.render(context)
  File "C:\Users\gauri\AppData\Local\Programs\Python\Python310\lib\site-packages\django\template\defaulttags.py", line 480, in render
    url = reverse(view_name, args=args, kwargs=kwargs, current_app=current_app)
  File "C:\Users\gauri\AppData\Local\Programs\Python\Python310\lib\site-packages\django\urls\base.py", line 98, in reverse
    resolved_url = resolver._reverse_with_prefix(view, prefix, *args, **kwargs)
  File "C:\Users\gauri\AppData\Local\Programs\Python\Python310\lib\site-packages\django\urls\resolvers.py", line 831, in _reverse_with_prefix
    raise NoReverseMatch(msg)
django.urls.exceptions.NoReverseMatch: Reverse for 'generate_assessment' with no arguments not found. 1 pattern(s) tried: ['contributor/generate\\-assessment/(?P<upload_id>[0-9]+)/\\Z']
[ERROR] 2025-10-29 19:52:43,099 | django.server | "GET /dashboard/contributor/submit_content/?course_id=30&chapter_id=78 HTTP/1.1" 500 131625
[INFO] 2025-10-29 19:57:20,456 | googleapiclient.discovery_cache | file_cache is only supported with oauth2client<4.0.0
[INFO] 2025-10-29 19:57:20,943 | google_auth_httplib2 | Refreshing credentials due to a 401 response. Attempt 1/2.
[ERROR] 2025-10-29 19:57:22,129 | django.request | Internal Server Error: /dashboard/contributor/submit_content/upload
Traceback (most recent call last):
  File "C:\Users\gauri\AppData\Local\Programs\Python\Python310\lib\site-packages\django\core\handlers\exception.py", line 55, in inner
    response = get_response(request)
  File "C:\Users\gauri\AppData\Local\Programs\Python\Python310\lib\site-packages\django\core\handlers\base.py", line 197, in _get_response
    response = wrapped_callback(request, *callback_args, **callback_kwargs)
  File "C:\Users\gauri\AppData\Local\Programs\Python\Python310\lib\site-packages\django\views\decorators\csrf.py", line 65, in _view_wrapper
    return view_func(request, *args, **kwargs)
  File "C:\Users\gauri\IdeaProjects\oer\accounts\views\contributor\submit_content.py", line 123, in upload_files
    return redirect('after_submission')
  File "C:\Users\gauri\AppData\Local\Programs\Python\Python310\lib\site-packages\django\shortcuts.py", line 51, in redirect
    resolve_url(to, *args, **kwargs),
  File "C:\Users\gauri\AppData\Local\Programs\Python\Python310\lib\site-packages\django\shortcuts.py", line 184, in resolve_url
    return reverse(to, args=args, kwargs=kwargs)
  File "C:\Users\gauri\AppData\Local\Programs\Python\Python310\lib\site-packages\django\urls\base.py", line 98, in reverse
    resolved_url = resolver._reverse_with_prefix(view, prefix, *args, **kwargs)
  File "C:\Users\gauri\AppData\Local\Programs\Python\Python310\lib\site-packages\django\urls\resolvers.py", line 831, in _reverse_with_prefix
    raise NoReverseMatch(msg)
django.urls.exceptions.NoReverseMatch: Reverse for 'after_submission' not found. 'after_submission' is not a valid view function or pattern name.
[ERROR] 2025-10-29 19:57:22,148 | django.server | "POST /dashboard/contributor/submit_content/upload HTTP/1.1" 500 98203
[INFO] 2025-10-29 19:59:06,845 | googleapiclient.discovery_cache | file_cache is only supported with oauth2client<4.0.0
[INFO] 2025-10-29 19:59:07,293 | google_auth_httplib2 | Refreshing credentials due to a 401 response. Attempt 1/2.
[ERROR] 2025-10-29 19:59:08,502 | django.request | Internal Server Error: /contributor/after_submission
Traceback (most recent call last):
  File "C:\Users\gauri\AppData\Local\Programs\Python\Python310\lib\site-packages\django\core\handlers\exception.py", line 55, in inner
    response = get_response(request)
  File "C:\Users\gauri\AppData\Local\Programs\Python\Python310\lib\site-packages\django\core\handlers\base.py", line 197, in _get_response
    response = wrapped_callback(request, *callback_args, **callback_kwargs)
  File "C:\Users\gauri\IdeaProjects\oer\accounts\views\contributor\submit_content.py", line 481, in after_submission
    return render(request, 'contributor/after_submission.html')
  File "C:\Users\gauri\AppData\Local\Programs\Python\Python310\lib\site-packages\django\shortcuts.py", line 25, in render
    content = loader.render_to_string(template_name, context, request, using=using)
  File "C:\Users\gauri\AppData\Local\Programs\Python\Python310\lib\site-packages\django\template\loader.py", line 62, in render_to_string
    return template.render(context, request)
  File "C:\Users\gauri\AppData\Local\Programs\Python\Python310\lib\site-packages\django\template\backends\django.py", line 107, in render
    return self.template.render(context)
  File "C:\Users\gauri\AppData\Local\Programs\Python\Python310\lib\site-packages\django\template\base.py", line 171, in render
    return self._render(context)
  File "C:\Users\gauri\AppData\Local\Programs\Python\Python310\lib\site-packages\django\template\base.py", line 163, in _render
    return self.nodelist.render(context)
  File "C:\Users\gauri\AppData\Local\Programs\Python\Python310\lib\site-packages\django\template\base.py", line 1016, in render
    return SafeString("".join([node.render_annotated(context) for node in self]))
  File "C:\Users\gauri\AppData\Local\Programs\Python\Python310\lib\site-packages\django\template\base.py", line 1016, in <listcomp>
    return SafeString("".join([node.render_annotated(context) for node in self]))
  File "C:\Users\gauri\AppData\Local\Programs\Python\Python310\lib\site-packages\django\template\base.py", line 977, in render_annotated
    return self.render(context)
  File "C:\Users\gauri\AppData\Local\Programs\Python\Python310\lib\site-packages\django\template\defaulttags.py", line 480, in render
    url = reverse(view_name, args=args, kwargs=kwargs, current_app=current_app)
  File "C:\Users\gauri\AppData\Local\Programs\Python\Python310\lib\site-packages\django\urls\base.py", line 98, in reverse
    resolved_url = resolver._reverse_with_prefix(view, prefix, *args, **kwargs)
  File "C:\Users\gauri\AppData\Local\Programs\Python\Python310\lib\site-packages\django\urls\resolvers.py", line 831, in _reverse_with_prefix
    raise NoReverseMatch(msg)
django.urls.exceptions.NoReverseMatch: Reverse for 'generate_assessment' with no arguments not found. 1 pattern(s) tried: ['contributor/generate\\-assessment/(?P<upload_id>[0-9]+)/\\Z']
[ERROR] 2025-10-29 19:59:08,515 | django.server | "GET /contributor/after_submission HTTP/1.1" 500 127001
[INFO] 2025-10-29 20:00:24,427 | googleapiclient.discovery_cache | file_cache is only supported with oauth2client<4.0.0
[INFO] 2025-10-29 20:00:24,812 | google_auth_httplib2 | Refreshing credentials due to a 401 response. Attempt 1/2.
[WARNING] 2025-10-29 20:21:44,991 | django.server | "GET /static/accounts/default_avatar.png HTTP/1.1" 404 1895
[WARNING] 2025-10-29 20:21:51,205 | django.server | "GET /static/accounts/default_avatar.png HTTP/1.1" 404 1895
[WARNING] 2025-10-29 20:24:37,549 | django.server | "GET /static/accounts/default_avatar.png HTTP/1.1" 404 1895
[WARNING] 2025-10-29 20:24:49,648 | django.server | "GET /static/accounts/default_avatar.png HTTP/1.1" 404 1895
[INFO] 2025-10-29 20:24:52,851 | googleapiclient.discovery_cache | file_cache is only supported with oauth2client<4.0.0
[INFO] 2025-10-29 20:24:53,289 | google_auth_httplib2 | Refreshing credentials due to a 401 response. Attempt 1/2.
[INFO] 2025-10-29 20:26:09,217 | googleapiclient.discovery_cache | file_cache is only supported with oauth2client<4.0.0
[INFO] 2025-10-29 20:26:09,760 | google_auth_httplib2 | Refreshing credentials due to a 401 response. Attempt 1/2.
[WARNING] 2025-10-29 20:26:29,391 | django.request | Not Found: /path/to/publish/assessment/
[WARNING] 2025-10-29 20:26:29,392 | django.server | "POST /path/to/publish/assessment/ HTTP/1.1" 404 11405
